#
# There is insufficient memory for the Java Runtime Environment to continue.
# Native memory allocation (malloc) failed to allocate 1048576 bytes for AllocateHeap
# Possible reasons:
#   The system is out of physical RAM or swap space
#   The process is running with CompressedOops enabled, and the Java Heap may be blocking the growth of the native heap
# Possible solutions:
#   Reduce memory load on the system
#   Increase physical memory or swap space
#   Check if swap backing store is full
#   Decrease Java heap size (-Xmx/-Xms)
#   Decrease number of Java threads
#   Decrease Java thread stack sizes (-Xss)
#   Set larger code cache with -XX:ReservedCodeCacheSize=
#   JVM is running with Unscaled Compressed Oops mode in which the Java heap is
#     placed in the first 4GB address space. The Java Heap base address is the
#     maximum limit for the native heap growth. Please use -XX:HeapBaseMinAddress
#     to set the Java Heap base and to place the Java Heap above 4GB virtual address.
# This output file may be truncated or incomplete.
#
#  Out of Memory Error (./src/hotspot/share/memory/allocation.cpp:46), pid=5864, tid=520
#
# JRE version:  (11.0.12+7) (build )
# Java VM: OpenJDK 64-Bit Server VM (11.0.12+7-b1504.28-7817840, mixed mode, sharing, tiered, compressed oops, g1 gc, windows-amd64)
# No core dump will be written. Minidumps are not enabled by default on client versions of Windows
#

---------------  S U M M A R Y ------------

Command Line: 

Host: AMD Ryzen 5 3500U with Radeon Vega Mobile Gfx  , 8 cores, 6G,  Windows 10 , 64 bit Build 22621 (10.0.22621.1105)
Time: Mon Feb  6 17:08:09 2023 中国标准时间 elapsed time: 0.047026 seconds (0d 0h 0m 0s)

---------------  T H R E A D  ---------------

Current thread (0x0000026348197800):  JavaThread "Unknown thread" [_thread_in_vm, id=520, stack(0x000000c139800000,0x000000c139900000)]

Stack: [0x000000c139800000,0x000000c139900000]
Native frames: (J=compiled Java code, j=interpreted, Vv=VM code, C=native code)
V  [jvm.dll+0x5fbcea]
V  [jvm.dll+0x731905]
V  [jvm.dll+0x732f1d]
V  [jvm.dll+0x7335d3]
V  [jvm.dll+0x247bf8]
V  [jvm.dll+0xb7684]
V  [jvm.dll+0x2dc7c8]
V  [jvm.dll+0x710027]
V  [jvm.dll+0x71182c]
V  [jvm.dll+0x360da9]
V  [jvm.dll+0x6f390e]
V  [jvm.dll+0x3c9723]
V  [jvm.dll+0x3cb9b1]
C  [jli.dll+0x536b]
C  [ucrtbase.dll+0x29363]
C  [KERNEL32.DLL+0x126bd]
C  [ntdll.dll+0x5dfb8]


---------------  P R O C E S S  ---------------

Threads class SMR info:
_java_thread_list=0x0000026347fc5840, length=0, elements={
}

Java Threads: ( => current thread )

Other Threads:

=>0x0000026348197800 (exited) JavaThread "Unknown thread" [_thread_in_vm, id=520, stack(0x000000c139800000,0x000000c139900000)]

Threads with active compile tasks:

VM state:not at safepoint (not fully initialized)

VM Mutex/Monitor currently owned by a thread: None


[error occurred during error reporting (printing compressed oops mode), id 0xc0000005, EXCEPTION_ACCESS_VIOLATION (0xc0000005) at pc=0x00007ffdb06f0e77]

GC Heap History (0 events):
No events

Deoptimization events (0 events):
No events

Classes redefined (0 events):
No events

Internal exceptions (0 events):
No events

Events (1 events):
Event: 0.024 Loaded shared library D:\android studio\jre\bin\zip.dll


Dynamic libraries:
0x00007ff7663f0000 - 0x00007ff7663fa000 	D:\android studio\jre\bin\java.EXE
0x00007ffe23830000 - 0x00007ffe23a44000 	C:\WINDOWS\SYSTEM32\ntdll.dll
0x00007ffe22f30000 - 0x00007ffe22ff3000 	C:\WINDOWS\System32\KERNEL32.DLL
0x00007ffe20c50000 - 0x00007ffe20fed000 	C:\WINDOWS\System32\KERNELBASE.dll
0x00007ffe21500000 - 0x00007ffe21611000 	C:\WINDOWS\System32\ucrtbase.dll
0x00007ffdff4f0000 - 0x00007ffdff509000 	D:\android studio\jre\bin\jli.dll
0x00007ffdfc5a0000 - 0x00007ffdfc5b7000 	D:\android studio\jre\bin\VCRUNTIME140.dll
0x00007ffe223e0000 - 0x00007ffe2258d000 	C:\WINDOWS\System32\USER32.dll
0x00007ffe0e9d0000 - 0x00007ffe0ec5e000 	C:\WINDOWS\WinSxS\amd64_microsoft.windows.common-controls_6595b64144ccf1df_6.0.22621.608_none_a9444ca7c10bb01d\COMCTL32.dll
0x00007ffe20ff0000 - 0x00007ffe21016000 	C:\WINDOWS\System32\win32u.dll
0x00007ffe21f10000 - 0x00007ffe21fb7000 	C:\WINDOWS\System32\msvcrt.dll
0x00007ffe21720000 - 0x00007ffe21749000 	C:\WINDOWS\System32\GDI32.dll
0x00007ffe21020000 - 0x00007ffe21132000 	C:\WINDOWS\System32\gdi32full.dll
0x00007ffe21140000 - 0x00007ffe211da000 	C:\WINDOWS\System32\msvcp_win.dll
0x00007ffe21e20000 - 0x00007ffe21e52000 	C:\WINDOWS\System32\IMM32.DLL
0x00007ffddb470000 - 0x00007ffddb50d000 	D:\android studio\jre\bin\msvcp140.dll
0x00007ffdaffe0000 - 0x00007ffdb0ac5000 	D:\android studio\jre\bin\server\jvm.dll
0x00007ffe22330000 - 0x00007ffe223de000 	C:\WINDOWS\System32\ADVAPI32.dll
0x00007ffe21e60000 - 0x00007ffe21f04000 	C:\WINDOWS\System32\sechost.dll
0x00007ffe21750000 - 0x00007ffe21865000 	C:\WINDOWS\System32\RPCRT4.dll
0x00007ffe21cf0000 - 0x00007ffe21cf8000 	C:\WINDOWS\System32\PSAPI.DLL
0x00007ffe1a3a0000 - 0x00007ffe1a3d4000 	C:\WINDOWS\SYSTEM32\WINMM.dll
0x00007ffe13bf0000 - 0x00007ffe13bf9000 	C:\WINDOWS\SYSTEM32\WSOCK32.dll
0x00007ffe17ad0000 - 0x00007ffe17ada000 	C:\WINDOWS\SYSTEM32\VERSION.dll
0x00007ffe22bf0000 - 0x00007ffe22c61000 	C:\WINDOWS\System32\ws2_32.DLL
0x00007ffe1fc80000 - 0x00007ffe1fc98000 	C:\WINDOWS\SYSTEM32\kernel.appcore.dll
0x00007ffdfc0a0000 - 0x00007ffdfc0b1000 	D:\android studio\jre\bin\verify.dll
0x00007ffe1e640000 - 0x00007ffe1e86e000 	C:\WINDOWS\SYSTEM32\DBGHELP.DLL
0x00007ffe22860000 - 0x00007ffe22bea000 	C:\WINDOWS\System32\combase.dll
0x00007ffe22e50000 - 0x00007ffe22f27000 	C:\WINDOWS\System32\OLEAUT32.dll
0x00007ffe18c10000 - 0x00007ffe18c42000 	C:\WINDOWS\SYSTEM32\dbgcore.DLL
0x00007ffe21480000 - 0x00007ffe214fb000 	C:\WINDOWS\System32\bcryptPrimitives.dll
0x00007ffdf9de0000 - 0x00007ffdf9e09000 	D:\android studio\jre\bin\java.dll
0x00007ffe0bf60000 - 0x00007ffe0bf6b000 	D:\android studio\jre\bin\jimage.dll
0x00007ffdfb220000 - 0x00007ffdfb238000 	D:\android studio\jre\bin\zip.dll

dbghelp: loaded successfully - version: 4.0.5 - missing functions: none
symbol engine: initialized successfully - sym options: 0x614 - pdb path: .;D:\android studio\jre\bin;C:\WINDOWS\SYSTEM32;C:\WINDOWS\WinSxS\amd64_microsoft.windows.common-controls_6595b64144ccf1df_6.0.22621.608_none_a9444ca7c10bb01d;D:\android studio\jre\bin\server

VM Arguments:
java_command: <unknown>
java_class_path (initial): <not set>
Launcher Type: SUN_STANDARD

[Global flags]
     intx CICompilerCount                          = 4                                         {product} {ergonomic}
     uint G1ConcRefinementThreads                  = 8                                         {product} {ergonomic}
   size_t G1HeapRegionSize                         = 1048576                                   {product} {ergonomic}
    uintx GCDrainStackTargetSize                   = 64                                        {product} {ergonomic}
   size_t InitialHeapSize                          = 117440512                                 {product} {ergonomic}
   size_t MaxHeapSize                              = 1864368128                                {product} {ergonomic}
   size_t MinHeapDeltaBytes                        = 1048576                                   {product} {ergonomic}
    uintx NonNMethodCodeHeapSize                   = 5836300                                {pd product} {ergonomic}
    uintx NonProfiledCodeHeapSize                  = 122910970                              {pd product} {ergonomic}
    uintx ProfiledCodeHeapSize                     = 122910970                              {pd product} {ergonomic}
    uintx ReservedCodeCacheSize                    = 251658240                              {pd product} {ergonomic}
     bool SegmentedCodeCache                       = true                                      {product} {ergonomic}
     bool UseCompressedClassPointers               = true                                 {lp64_product} {ergonomic}
     bool UseCompressedOops                        = true                                 {lp64_product} {ergonomic}
     bool UseG1GC                                  = true                                      {product} {ergonomic}
     bool UseLargePagesIndividualAllocation        = false                                  {pd product} {ergonomic}

Logging:
Log output configuration:
 #0: stdout all=warning uptime,level,tags
 #1: stderr all=off uptime,level,tags

Environment Variables:
PATH=C:\新建文件夹\bin\;C:\WINDOWS\system32;C:\WINDOWS;C:\WINDOWS\System32\Wbem;C:\WINDOWS\System32\WindowsPowerShell\v1.0\;C:\WINDOWS\System32\OpenSSH\;C:\Program Files\Intel\WiFi\bin\;C:\Program Files\Common Files\Intel\WirelessCommon\;D:\flutter\bin;D:\Git\bin;D:\nodejs\;C:\ProgramData\chocolatey\bin;;C:\Program Files\Docker\Docker\resources\bin;C:\ProgramData\DockerDesktop\version-bin;D:\AWS\;C:\Users\Rod\AppData\Local\Microsoft\WindowsApps;;D:\Microsoft VS Code\bin;C:\Users\Rod\AppData\Roaming\npm;D:\flutter\bin\mingit\cmd
USERNAME=roger
LANG=en_US.UTF-8
OS=Windows_NT
PROCESSOR_IDENTIFIER=AMD64 Family 23 Model 24 Stepping 1, AuthenticAMD



---------------  S Y S T E M  ---------------

OS: Windows 10 , 64 bit Build 22621 (10.0.22621.1105)
OS uptime: 3 days 14:23 hours
Hyper-V role detected

CPU:total 8 (initial active 8) (8 cores per cpu, 2 threads per core) family 23 model 24 stepping 1 microcode 0x0, cmov, cx8, fxsr, mmx, sse, sse2, sse3, ssse3, sse4.1, sse4.2, popcnt, avx, avx2, aes, clmul, mmxext, 3dnowpref, lzcnt, sse4a, ht, tsc, tscinvbit, tscinv, bmi1, bmi2, adx, sha, fma

Memory: 4k page, system-wide physical 7106M (374M free)
TotalPageFile size 17346M (AvailPageFile size 3M)
current process WorkingSet (physical memory assigned to process): 10M, peak: 10M
current process commit charge ("private bytes"): 11M, peak: 12M

vm_info: OpenJDK 64-Bit Server VM (11.0.12+7-b1504.28-7817840) for windows-amd64 JRE (11.0.12+7-b1504.28-7817840), built on Oct 13 2021 22:12:33 by "builder" with MS VC++ 14.0 (VS2015)

END.
