#
# There is insufficient memory for the Java Runtime Environment to continue.
# Native memory allocation (malloc) failed to allocate 32744 bytes for ChunkPool::allocate
# Possible reasons:
#   The system is out of physical RAM or swap space
#   The process is running with CompressedOops enabled, and the Java Heap may be blocking the growth of the native heap
# Possible solutions:
#   Reduce memory load on the system
#   Increase physical memory or swap space
#   Check if swap backing store is full
#   Decrease Java heap size (-Xmx/-Xms)
#   Decrease number of Java threads
#   Decrease Java thread stack sizes (-Xss)
#   Set larger code cache with -XX:ReservedCodeCacheSize=
#   JVM is running with Unscaled Compressed Oops mode in which the Java heap is
#     placed in the first 4GB address space. The Java Heap base address is the
#     maximum limit for the native heap growth. Please use -XX:HeapBaseMinAddress
#     to set the Java Heap base and to place the Java Heap above 4GB virtual address.
# This output file may be truncated or incomplete.
#
#  Out of Memory Error (./src/hotspot/share/memory/arena.cpp:81), pid=3328, tid=12096
#
# JRE version: OpenJDK Runtime Environment (11.0.12+7) (build 11.0.12+7-b1504.28-7817840)
# Java VM: OpenJDK 64-Bit Server VM (11.0.12+7-b1504.28-7817840, mixed mode, tiered, compressed oops, g1 gc, windows-amd64)
# No core dump will be written. Minidumps are not enabled by default on client versions of Windows
#

---------------  S U M M A R Y ------------

Command Line: --add-opens=java.base/java.util=ALL-UNNAMED --add-opens=java.base/java.lang=ALL-UNNAMED --add-opens=java.base/java.lang.invoke=ALL-UNNAMED --add-opens=java.prefs/java.util.prefs=ALL-UNNAMED -Xmx1536M -Dfile.encoding=GBK -Duser.country=CN -Duser.language=zh -Duser.variant org.gradle.launcher.daemon.bootstrap.GradleDaemon 6.7

Host: AMD Ryzen 5 3500U with Radeon Vega Mobile Gfx  , 8 cores, 6G,  Windows 10 , 64 bit Build 22621 (10.0.22621.1344)
Time: Tue Apr 11 15:47:31 2023 中国标准时间 elapsed time: 80.781940 seconds (0d 0h 1m 20s)

---------------  T H R E A D  ---------------

Current thread (0x0000014422794800):  JavaThread "C1 CompilerThread0" daemon [_thread_in_native, id=12096, stack(0x000000377ec00000,0x000000377ed00000)]


Current CompileTask:
C1:  80782 11379   !   3       sun.nio.cs.DoubleByte$Encoder::encodeArrayLoop (409 bytes)

Stack: [0x000000377ec00000,0x000000377ed00000]
Native frames: (J=compiled Java code, j=interpreted, Vv=VM code, C=native code)
V  [jvm.dll+0x5fbcea]
V  [jvm.dll+0x731905]
V  [jvm.dll+0x732f1d]
V  [jvm.dll+0x7335d3]
V  [jvm.dll+0x247bf8]
V  [jvm.dll+0xc041b]
V  [jvm.dll+0xc06cc]
V  [jvm.dll+0x142740]
V  [jvm.dll+0x1070f6]
V  [jvm.dll+0x2d5118]
V  [jvm.dll+0x152c03]
V  [jvm.dll+0x157965]
V  [jvm.dll+0x15396e]
V  [jvm.dll+0x13fe00]
V  [jvm.dll+0x1289d0]
V  [jvm.dll+0x128569]
V  [jvm.dll+0x1286d3]
V  [jvm.dll+0x1279e7]
V  [jvm.dll+0x1295b7]
V  [jvm.dll+0x20e0d7]
V  [jvm.dll+0x20c901]
V  [jvm.dll+0x6f9b7f]
V  [jvm.dll+0x6f26a5]
V  [jvm.dll+0x5fabf6]
C  [ucrtbase.dll+0x29363]
C  [KERNEL32.DLL+0x126bd]
C  [ntdll.dll+0x5a9f8]


---------------  P R O C E S S  ---------------

Threads class SMR info:
_java_thread_list=0x00000144305148a0, length=186, elements={
0x0000014408d7c000, 0x0000014421f25000, 0x0000014421f28800, 0x000001442278a000,
0x000001442278d800, 0x000001442278e800, 0x0000014422791800, 0x0000014422794800,
0x000001442279a800, 0x0000014422904800, 0x0000014422907800, 0x0000014422906000,
0x0000014422907000, 0x0000014422903800, 0x0000014422903000, 0x0000014422905800,
0x0000014422902000, 0x0000014422908800, 0x0000014422be3000, 0x0000014422bdd000,
0x0000014422bde000, 0x0000014422be3800, 0x0000014422be0800, 0x0000014422bdf000,
0x0000014422be4800, 0x0000014422be1800, 0x0000014422be5800, 0x0000014422bdf800,
0x0000014422be6000, 0x0000014422be8000, 0x0000014422bea800, 0x0000014422bec000,
0x0000014422be7000, 0x0000014422be8800, 0x0000014422be9800, 0x0000014426dd9800,
0x0000014426dda000, 0x0000014426ddb000, 0x0000014426dd8800, 0x0000014426dd6000,
0x0000014426dd5800, 0x0000014426dd7000, 0x0000014426ddc000, 0x0000014426ddc800,
0x0000014426dd7800, 0x0000014426ddf000, 0x0000014426ddd800, 0x0000014426de1800,
0x0000014426de0000, 0x0000014426de0800, 0x0000014426de2800, 0x0000014426de3000,
0x0000014426de4000, 0x0000014426dde000, 0x00000144267be000, 0x00000144267bc800,
0x00000144267bd000, 0x00000144267ba800, 0x00000144267b8800, 0x00000144267bf000,
0x00000144267b9000, 0x00000144267bb800, 0x00000144267bf800, 0x00000144267ba000,
0x00000144267c3800, 0x00000144267c2000, 0x00000144267c4800, 0x00000144267c5800,
0x00000144267c3000, 0x00000144267c6000, 0x00000144267c0800, 0x00000144267c7000,
0x00000144267c1000, 0x0000014426f41000, 0x0000014426f42000, 0x0000014426f44000,
0x0000014426f42800, 0x0000014426f43800, 0x0000014426f3e800, 0x0000014426f45000,
0x0000014426f3f800, 0x0000014426f46000, 0x0000014426f40000, 0x0000014426f49000,
0x0000014426f4b800, 0x0000014426f46800, 0x0000014426f4d000, 0x0000014426f4a000,
0x0000014426f4b000, 0x0000014426f4c800, 0x0000014426f47800, 0x0000014426f48800,
0x0000014427d43000, 0x0000014427d45800, 0x0000014427d48800, 0x0000014427d49800,
0x0000014427d44800, 0x0000014427d46000, 0x0000014427d44000, 0x0000014427d4c000,
0x0000014427d4a800, 0x0000014427d4d000, 0x0000014427d48000, 0x0000014427d47000,
0x0000014427d4d800, 0x0000014427d4e800, 0x0000014427d4f000, 0x0000014427d4b000,
0x0000014427d50000, 0x0000014427d51000, 0x0000014427d51800, 0x0000014425573000,
0x0000014425574000, 0x0000014425572800, 0x0000014425579000, 0x0000014425579800,
0x0000014425576800, 0x000001442557a800, 0x0000014425574800, 0x0000014425578000,
0x0000014425575800, 0x000001442557d000, 0x0000014425577000, 0x000001442557d800,
0x000001442557f800, 0x000001442557e800, 0x000001442557c000, 0x0000014425580000,
0x0000014425581000, 0x000001442557b800, 0x000001442283b000, 0x000001442283a800,
0x0000014422835800, 0x0000014422839800, 0x0000014422838800, 0x000001442283c000,
0x0000014422836000, 0x0000014422837000, 0x000001442283d000, 0x000001442283d800,
0x0000014422838000, 0x0000014422842800, 0x0000014422844000, 0x0000014422843800,
0x000001442283e800, 0x0000014422841000, 0x000001442283f000, 0x0000014422840000,
0x0000014422841800, 0x00000144241b8000, 0x00000144241ba800, 0x00000144241b5000,
0x00000144241b9000, 0x00000144241ba000, 0x00000144241bb800, 0x00000144241b6000,
0x00000144241bc800, 0x00000144241b6800, 0x00000144241bd000, 0x00000144241b7800,
0x00000144241be000, 0x00000144241bf800, 0x00000144241c0800, 0x00000144241bf000,
0x00000144241c2000, 0x00000144241c1000, 0x00000144241c3800, 0x00000144241c3000,
0x000001442aefd000, 0x000001442af00800, 0x000001442af01800, 0x000001442af03800,
0x000001442aeff800, 0x000001442aefe000, 0x000001442af02000, 0x000001442af08000,
0x000001442af08800, 0x000001442af03000, 0x000001442af0a800, 0x000001442af0b000,
0x000001442af0f000, 0x000001442af0d800, 0x000001442af0e800, 0x000001442af09800,
0x000001442af04800, 0x000001442af0c000
}

Java Threads: ( => current thread )
  0x0000014408d7c000 JavaThread "main" [_thread_blocked, id=15516, stack(0x000000377df00000,0x000000377e000000)]
  0x0000014421f25000 JavaThread "Reference Handler" daemon [_thread_blocked, id=1720, stack(0x000000377e600000,0x000000377e700000)]
  0x0000014421f28800 JavaThread "Finalizer" daemon [_thread_blocked, id=7948, stack(0x000000377e700000,0x000000377e800000)]
  0x000001442278a000 JavaThread "Signal Dispatcher" daemon [_thread_blocked, id=14280, stack(0x000000377e800000,0x000000377e900000)]
  0x000001442278d800 JavaThread "Attach Listener" daemon [_thread_blocked, id=1740, stack(0x000000377e900000,0x000000377ea00000)]
  0x000001442278e800 JavaThread "Service Thread" daemon [_thread_blocked, id=1420, stack(0x000000377ea00000,0x000000377eb00000)]
  0x0000014422791800 JavaThread "C2 CompilerThread0" daemon [_thread_in_native, id=7304, stack(0x000000377eb00000,0x000000377ec00000)]
=>0x0000014422794800 JavaThread "C1 CompilerThread0" daemon [_thread_in_native, id=12096, stack(0x000000377ec00000,0x000000377ed00000)]
  0x000001442279a800 JavaThread "Sweeper thread" daemon [_thread_blocked, id=5352, stack(0x000000377ed00000,0x000000377ee00000)]
  0x0000014422904800 JavaThread "Common-Cleaner" daemon [_thread_blocked, id=11156, stack(0x000000377ee00000,0x000000377ef00000)]
  0x0000014422907800 JavaThread "Daemon health stats" [_thread_blocked, id=14412, stack(0x000000377f100000,0x000000377f200000)]
  0x0000014422906000 JavaThread "Incoming local TCP Connector on port 53862" [_thread_in_native, id=13788, stack(0x000000377f400000,0x000000377f500000)]
  0x0000014422907000 JavaThread "Daemon periodic checks" [_thread_blocked, id=6396, stack(0x000000377f500000,0x000000377f600000)]
  0x0000014422903800 JavaThread "Daemon" [_thread_blocked, id=15268, stack(0x000000377f600000,0x000000377f700000)]
  0x0000014422903000 JavaThread "Handler for socket connection from /127.0.0.1:53862 to /127.0.0.1:53863" [_thread_in_native, id=15348, stack(0x000000377f700000,0x000000377f800000)]
  0x0000014422905800 JavaThread "Cancel handler" [_thread_blocked, id=5040, stack(0x000000377f800000,0x000000377f900000)]
  0x0000014422902000 JavaThread "Daemon worker" [_thread_blocked, id=9008, stack(0x000000377f900000,0x000000377fa00000)]
  0x0000014422908800 JavaThread "Asynchronous log dispatcher for DefaultDaemonConnection: socket connection from /127.0.0.1:53862 to /127.0.0.1:53863" [_thread_blocked, id=13824, stack(0x000000377fa00000,0x000000377fb00000)]
  0x0000014422be3000 JavaThread "Stdin handler" [_thread_blocked, id=9064, stack(0x000000377fb00000,0x000000377fc00000)]
  0x0000014422bdd000 JavaThread "Thread-8" [_thread_blocked, id=7212, stack(0x000000377fc00000,0x000000377fd00000)]
  0x0000014422bde000 JavaThread "Cache worker for file hash cache (C:\Users\Rod\.gradle\caches\6.7\fileHashes)" [_thread_blocked, id=7920, stack(0x0000003700400000,0x0000003700500000)]
  0x0000014422be3800 JavaThread "File lock request listener" [_thread_in_native, id=10456, stack(0x0000003700500000,0x0000003700600000)]
  0x0000014422be0800 JavaThread "Cache worker for journal cache (C:\Users\Rod\.gradle\caches\journal-1)" [_thread_blocked, id=9464, stack(0x0000003700600000,0x0000003700700000)]
  0x0000014422bdf000 JavaThread "Cache worker for file hash cache (D:\Haber\haber\android\.gradle\6.7\fileHashes)" [_thread_blocked, id=8120, stack(0x0000003700900000,0x0000003700a00000)]
  0x0000014422be4800 JavaThread "Cache worker for checksums cache (D:\Haber\haber\android\.gradle\checksums)" [_thread_blocked, id=2508, stack(0x0000003700a00000,0x0000003700b00000)]
  0x0000014422be1800 JavaThread "Cache worker for cache directory md-supplier (C:\Users\Rod\.gradle\caches\6.7\md-supplier)" [_thread_blocked, id=6200, stack(0x0000003700b00000,0x0000003700c00000)]
  0x0000014422be5800 JavaThread "Cache worker for cache directory md-rule (C:\Users\Rod\.gradle\caches\6.7\md-rule)" [_thread_blocked, id=3864, stack(0x0000003700c00000,0x0000003700d00000)]
  0x0000014422bdf800 JavaThread "Cache worker for execution history cache (C:\Users\Rod\.gradle\caches\6.7\executionHistory)" [_thread_blocked, id=14604, stack(0x0000003700d00000,0x0000003700e00000)]
  0x0000014422be6000 JavaThread "jar transforms" [_thread_blocked, id=5124, stack(0x0000003700e00000,0x0000003700f00000)]
  0x0000014422be8000 JavaThread "Cache worker for file content cache (C:\Users\Rod\.gradle\caches\6.7\fileContent)" [_thread_blocked, id=13932, stack(0x0000003700f00000,0x0000003701000000)]
  0x0000014422bea800 JavaThread "Cache worker for Build Output Cleanup Cache (D:\Haber\haber\android\.gradle\buildOutputCleanup)" [_thread_blocked, id=16184, stack(0x0000003701000000,0x0000003701100000)]
  0x0000014422bec000 JavaThread "Build operations" [_thread_blocked, id=1708, stack(0x0000003700800000,0x0000003700900000)]
  0x0000014422be7000 JavaThread "Build operations Thread 2" [_thread_blocked, id=16332, stack(0x0000003701100000,0x0000003701200000)]
  0x0000014422be8800 JavaThread "Build operations Thread 3" [_thread_blocked, id=4336, stack(0x0000003701200000,0x0000003701300000)]
  0x0000014422be9800 JavaThread "Build operations Thread 4" [_thread_blocked, id=7908, stack(0x0000003701300000,0x0000003701400000)]
  0x0000014426dd9800 JavaThread "Build operations Thread 5" [_thread_blocked, id=3340, stack(0x0000003701400000,0x0000003701500000)]
  0x0000014426dda000 JavaThread "Build operations Thread 6" [_thread_blocked, id=12296, stack(0x0000003701500000,0x0000003701600000)]
  0x0000014426ddb000 JavaThread "Build operations Thread 7" [_thread_blocked, id=7012, stack(0x0000003701600000,0x0000003701700000)]
  0x0000014426dd8800 JavaThread "Build operations Thread 8" [_thread_blocked, id=5104, stack(0x0000003701700000,0x0000003701800000)]
  0x0000014426dd6000 JavaThread "jar transforms Thread 2" [_thread_blocked, id=9836, stack(0x0000003701800000,0x0000003701900000)]
  0x0000014426dd5800 JavaThread "jar transforms Thread 3" [_thread_blocked, id=7736, stack(0x0000003701900000,0x0000003701a00000)]
  0x0000014426dd7000 JavaThread "jar transforms Thread 4" [_thread_blocked, id=16040, stack(0x0000003701a00000,0x0000003701b00000)]
  0x0000014426ddc000 JavaThread "jar transforms Thread 5" [_thread_blocked, id=11612, stack(0x0000003701b00000,0x0000003701c00000)]
  0x0000014426ddc800 JavaThread "jar transforms Thread 6" [_thread_blocked, id=10304, stack(0x0000003701c00000,0x0000003701d00000)]
  0x0000014426dd7800 JavaThread "jar transforms Thread 7" [_thread_blocked, id=164, stack(0x0000003701d00000,0x0000003701e00000)]
  0x0000014426ddf000 JavaThread "jar transforms Thread 8" [_thread_blocked, id=10400, stack(0x0000003701e00000,0x0000003701f00000)]
  0x0000014426ddd800 JavaThread "jar transforms Thread 9" [_thread_blocked, id=12644, stack(0x0000003701f00000,0x0000003702000000)]
  0x0000014426de1800 JavaThread "jar transforms Thread 10" [_thread_blocked, id=16028, stack(0x0000003702000000,0x0000003702100000)]
  0x0000014426de0000 JavaThread "jar transforms Thread 11" [_thread_blocked, id=11688, stack(0x0000003702100000,0x0000003702200000)]
  0x0000014426de0800 JavaThread "jar transforms Thread 12" [_thread_blocked, id=14944, stack(0x0000003702200000,0x0000003702300000)]
  0x0000014426de2800 JavaThread "jar transforms Thread 13" [_thread_blocked, id=13248, stack(0x0000003702300000,0x0000003702400000)]
  0x0000014426de3000 JavaThread "jar transforms Thread 14" [_thread_blocked, id=11120, stack(0x0000003702400000,0x0000003702500000)]
  0x0000014426de4000 JavaThread "jar transforms Thread 15" [_thread_blocked, id=1364, stack(0x0000003702500000,0x0000003702600000)]
  0x0000014426dde000 JavaThread "jar transforms Thread 16" [_thread_blocked, id=8416, stack(0x0000003702600000,0x0000003702700000)]
  0x00000144267be000 JavaThread "jar transforms Thread 17" [_thread_blocked, id=15832, stack(0x0000003702700000,0x0000003702800000)]
  0x00000144267bc800 JavaThread "jar transforms Thread 18" [_thread_blocked, id=14796, stack(0x0000003702800000,0x0000003702900000)]
  0x00000144267bd000 JavaThread "jar transforms Thread 19" [_thread_blocked, id=3692, stack(0x0000003702900000,0x0000003702a00000)]
  0x00000144267ba800 JavaThread "jar transforms Thread 20" [_thread_blocked, id=8228, stack(0x0000003702a00000,0x0000003702b00000)]
  0x00000144267b8800 JavaThread "jar transforms Thread 21" [_thread_blocked, id=12076, stack(0x0000003702b00000,0x0000003702c00000)]
  0x00000144267bf000 JavaThread "jar transforms Thread 22" [_thread_blocked, id=15616, stack(0x0000003702c00000,0x0000003702d00000)]
  0x00000144267b9000 JavaThread "jar transforms Thread 23" [_thread_blocked, id=16244, stack(0x0000003702d00000,0x0000003702e00000)]
  0x00000144267bb800 JavaThread "jar transforms Thread 24" [_thread_blocked, id=8216, stack(0x0000003702e00000,0x0000003702f00000)]
  0x00000144267bf800 JavaThread "jar transforms Thread 25" [_thread_blocked, id=14864, stack(0x0000003702f00000,0x0000003703000000)]
  0x00000144267ba000 JavaThread "jar transforms Thread 26" [_thread_blocked, id=11988, stack(0x0000003703000000,0x0000003703100000)]
  0x00000144267c3800 JavaThread "jar transforms Thread 27" [_thread_blocked, id=5048, stack(0x0000003703100000,0x0000003703200000)]
  0x00000144267c2000 JavaThread "jar transforms Thread 28" [_thread_blocked, id=10576, stack(0x0000003703200000,0x0000003703300000)]
  0x00000144267c4800 JavaThread "jar transforms Thread 29" [_thread_blocked, id=9672, stack(0x0000003703300000,0x0000003703400000)]
  0x00000144267c5800 JavaThread "jar transforms Thread 30" [_thread_blocked, id=11016, stack(0x0000003703400000,0x0000003703500000)]
  0x00000144267c3000 JavaThread "jar transforms Thread 31" [_thread_blocked, id=3604, stack(0x0000003703500000,0x0000003703600000)]
  0x00000144267c6000 JavaThread "jar transforms Thread 32" [_thread_blocked, id=280, stack(0x0000003703600000,0x0000003703700000)]
  0x00000144267c0800 JavaThread "jar transforms Thread 33" [_thread_blocked, id=5940, stack(0x0000003703700000,0x0000003703800000)]
  0x00000144267c7000 JavaThread "jar transforms Thread 34" [_thread_blocked, id=8916, stack(0x0000003703800000,0x0000003703900000)]
  0x00000144267c1000 JavaThread "jar transforms Thread 35" [_thread_blocked, id=9964, stack(0x0000003703900000,0x0000003703a00000)]
  0x0000014426f41000 JavaThread "jar transforms Thread 36" [_thread_blocked, id=11292, stack(0x0000003703a00000,0x0000003703b00000)]
  0x0000014426f42000 JavaThread "jar transforms Thread 37" [_thread_blocked, id=5004, stack(0x0000003703b00000,0x0000003703c00000)]
  0x0000014426f44000 JavaThread "jar transforms Thread 38" [_thread_blocked, id=15564, stack(0x0000003703c00000,0x0000003703d00000)]
  0x0000014426f42800 JavaThread "jar transforms Thread 39" [_thread_blocked, id=3996, stack(0x0000003703d00000,0x0000003703e00000)]
  0x0000014426f43800 JavaThread "jar transforms Thread 40" [_thread_blocked, id=11492, stack(0x0000003703e00000,0x0000003703f00000)]
  0x0000014426f3e800 JavaThread "jar transforms Thread 41" [_thread_blocked, id=3504, stack(0x0000003703f00000,0x0000003704000000)]
  0x0000014426f45000 JavaThread "jar transforms Thread 42" [_thread_blocked, id=16132, stack(0x0000003704000000,0x0000003704100000)]
  0x0000014426f3f800 JavaThread "jar transforms Thread 43" [_thread_blocked, id=15780, stack(0x0000003704100000,0x0000003704200000)]
  0x0000014426f46000 JavaThread "jar transforms Thread 44" [_thread_blocked, id=16312, stack(0x0000003704200000,0x0000003704300000)]
  0x0000014426f40000 JavaThread "jar transforms Thread 45" [_thread_blocked, id=8664, stack(0x0000003704300000,0x0000003704400000)]
  0x0000014426f49000 JavaThread "jar transforms Thread 46" [_thread_blocked, id=13220, stack(0x0000003704400000,0x0000003704500000)]
  0x0000014426f4b800 JavaThread "jar transforms Thread 47" [_thread_blocked, id=1692, stack(0x0000003704500000,0x0000003704600000)]
  0x0000014426f46800 JavaThread "jar transforms Thread 48" [_thread_blocked, id=1956, stack(0x0000003704600000,0x0000003704700000)]
  0x0000014426f4d000 JavaThread "jar transforms Thread 49" [_thread_blocked, id=9748, stack(0x0000003704700000,0x0000003704800000)]
  0x0000014426f4a000 JavaThread "jar transforms Thread 50" [_thread_blocked, id=2952, stack(0x0000003704800000,0x0000003704900000)]
  0x0000014426f4b000 JavaThread "jar transforms Thread 51" [_thread_blocked, id=8028, stack(0x0000003704900000,0x0000003704a00000)]
  0x0000014426f4c800 JavaThread "jar transforms Thread 52" [_thread_blocked, id=13920, stack(0x0000003704a00000,0x0000003704b00000)]
  0x0000014426f47800 JavaThread "jar transforms Thread 53" [_thread_blocked, id=2480, stack(0x0000003704b00000,0x0000003704c00000)]
  0x0000014426f48800 JavaThread "jar transforms Thread 54" [_thread_blocked, id=15296, stack(0x0000003704c00000,0x0000003704d00000)]
  0x0000014427d43000 JavaThread "jar transforms Thread 55" [_thread_blocked, id=3176, stack(0x0000003704d00000,0x0000003704e00000)]
  0x0000014427d45800 JavaThread "jar transforms Thread 56" [_thread_blocked, id=2912, stack(0x0000003704e00000,0x0000003704f00000)]
  0x0000014427d48800 JavaThread "jar transforms Thread 57" [_thread_blocked, id=9732, stack(0x0000003704f00000,0x0000003705000000)]
  0x0000014427d49800 JavaThread "jar transforms Thread 58" [_thread_blocked, id=9224, stack(0x0000003705000000,0x0000003705100000)]
  0x0000014427d44800 JavaThread "jar transforms Thread 59" [_thread_blocked, id=15864, stack(0x0000003705100000,0x0000003705200000)]
  0x0000014427d46000 JavaThread "jar transforms Thread 60" [_thread_blocked, id=5548, stack(0x0000003705200000,0x0000003705300000)]
  0x0000014427d44000 JavaThread "jar transforms Thread 61" [_thread_blocked, id=5828, stack(0x0000003705300000,0x0000003705400000)]
  0x0000014427d4c000 JavaThread "jar transforms Thread 62" [_thread_blocked, id=14212, stack(0x0000003705400000,0x0000003705500000)]
  0x0000014427d4a800 JavaThread "jar transforms Thread 63" [_thread_blocked, id=1328, stack(0x0000003705500000,0x0000003705600000)]
  0x0000014427d4d000 JavaThread "jar transforms Thread 64" [_thread_blocked, id=14612, stack(0x0000003705600000,0x0000003705700000)]
  0x0000014427d48000 JavaThread "jar transforms Thread 65" [_thread_blocked, id=14484, stack(0x0000003705700000,0x0000003705800000)]
  0x0000014427d47000 JavaThread "jar transforms Thread 66" [_thread_blocked, id=6592, stack(0x0000003705800000,0x0000003705900000)]
  0x0000014427d4d800 JavaThread "jar transforms Thread 67" [_thread_blocked, id=16364, stack(0x0000003705900000,0x0000003705a00000)]
  0x0000014427d4e800 JavaThread "jar transforms Thread 68" [_thread_blocked, id=1064, stack(0x0000003705a00000,0x0000003705b00000)]
  0x0000014427d4f000 JavaThread "jar transforms Thread 69" [_thread_blocked, id=16172, stack(0x0000003705b00000,0x0000003705c00000)]
  0x0000014427d4b000 JavaThread "jar transforms Thread 70" [_thread_blocked, id=15240, stack(0x0000003705c00000,0x0000003705d00000)]
  0x0000014427d50000 JavaThread "jar transforms Thread 71" [_thread_blocked, id=7996, stack(0x0000003705d00000,0x0000003705e00000)]
  0x0000014427d51000 JavaThread "jar transforms Thread 72" [_thread_blocked, id=264, stack(0x0000003705e00000,0x0000003705f00000)]
  0x0000014427d51800 JavaThread "jar transforms Thread 73" [_thread_blocked, id=8464, stack(0x0000003705f00000,0x0000003706000000)]
  0x0000014425573000 JavaThread "jar transforms Thread 74" [_thread_blocked, id=8496, stack(0x0000003706000000,0x0000003706100000)]
  0x0000014425574000 JavaThread "jar transforms Thread 75" [_thread_blocked, id=7268, stack(0x0000003706100000,0x0000003706200000)]
  0x0000014425572800 JavaThread "jar transforms Thread 76" [_thread_blocked, id=2040, stack(0x0000003706200000,0x0000003706300000)]
  0x0000014425579000 JavaThread "jar transforms Thread 77" [_thread_blocked, id=1212, stack(0x0000003706300000,0x0000003706400000)]
  0x0000014425579800 JavaThread "jar transforms Thread 78" [_thread_blocked, id=2140, stack(0x0000003706400000,0x0000003706500000)]
  0x0000014425576800 JavaThread "jar transforms Thread 79" [_thread_blocked, id=10852, stack(0x0000003706500000,0x0000003706600000)]
  0x000001442557a800 JavaThread "jar transforms Thread 80" [_thread_blocked, id=1244, stack(0x0000003706600000,0x0000003706700000)]
  0x0000014425574800 JavaThread "jar transforms Thread 81" [_thread_blocked, id=10448, stack(0x0000003706700000,0x0000003706800000)]
  0x0000014425578000 JavaThread "jar transforms Thread 82" [_thread_blocked, id=2212, stack(0x0000003706800000,0x0000003706900000)]
  0x0000014425575800 JavaThread "jar transforms Thread 83" [_thread_blocked, id=5888, stack(0x0000003706900000,0x0000003706a00000)]
  0x000001442557d000 JavaThread "jar transforms Thread 84" [_thread_blocked, id=2332, stack(0x0000003706a00000,0x0000003706b00000)]
  0x0000014425577000 JavaThread "jar transforms Thread 85" [_thread_blocked, id=9356, stack(0x0000003706b00000,0x0000003706c00000)]
  0x000001442557d800 JavaThread "jar transforms Thread 86" [_thread_blocked, id=11452, stack(0x0000003706c00000,0x0000003706d00000)]
  0x000001442557f800 JavaThread "jar transforms Thread 87" [_thread_blocked, id=4000, stack(0x0000003706d00000,0x0000003706e00000)]
  0x000001442557e800 JavaThread "jar transforms Thread 88" [_thread_blocked, id=14780, stack(0x0000003706e00000,0x0000003706f00000)]
  0x000001442557c000 JavaThread "jar transforms Thread 89" [_thread_blocked, id=13520, stack(0x0000003706f00000,0x0000003707000000)]
  0x0000014425580000 JavaThread "jar transforms Thread 90" [_thread_blocked, id=15072, stack(0x0000003707000000,0x0000003707100000)]
  0x0000014425581000 JavaThread "jar transforms Thread 91" [_thread_blocked, id=9184, stack(0x0000003707100000,0x0000003707200000)]
  0x000001442557b800 JavaThread "jar transforms Thread 92" [_thread_blocked, id=11196, stack(0x0000003707200000,0x0000003707300000)]
  0x000001442283b000 JavaThread "jar transforms Thread 93" [_thread_blocked, id=6100, stack(0x0000003707300000,0x0000003707400000)]
  0x000001442283a800 JavaThread "jar transforms Thread 94" [_thread_blocked, id=5456, stack(0x0000003707400000,0x0000003707500000)]
  0x0000014422835800 JavaThread "jar transforms Thread 95" [_thread_blocked, id=11644, stack(0x0000003707500000,0x0000003707600000)]
  0x0000014422839800 JavaThread "jar transforms Thread 96" [_thread_blocked, id=10096, stack(0x0000003707600000,0x0000003707700000)]
  0x0000014422838800 JavaThread "jar transforms Thread 97" [_thread_blocked, id=14808, stack(0x0000003707700000,0x0000003707800000)]
  0x000001442283c000 JavaThread "jar transforms Thread 98" [_thread_blocked, id=13212, stack(0x0000003707800000,0x0000003707900000)]
  0x0000014422836000 JavaThread "jar transforms Thread 99" [_thread_blocked, id=12628, stack(0x0000003707900000,0x0000003707a00000)]
  0x0000014422837000 JavaThread "jar transforms Thread 100" [_thread_blocked, id=4412, stack(0x0000003707a00000,0x0000003707b00000)]
  0x000001442283d000 JavaThread "jar transforms Thread 101" [_thread_blocked, id=15372, stack(0x0000003707b00000,0x0000003707c00000)]
  0x000001442283d800 JavaThread "jar transforms Thread 102" [_thread_blocked, id=14660, stack(0x0000003707c00000,0x0000003707d00000)]
  0x0000014422838000 JavaThread "jar transforms Thread 103" [_thread_blocked, id=8936, stack(0x0000003707d00000,0x0000003707e00000)]
  0x0000014422842800 JavaThread "jar transforms Thread 104" [_thread_blocked, id=9848, stack(0x0000003707e00000,0x0000003707f00000)]
  0x0000014422844000 JavaThread "jar transforms Thread 105" [_thread_blocked, id=14368, stack(0x0000003707f00000,0x0000003708000000)]
  0x0000014422843800 JavaThread "jar transforms Thread 106" [_thread_blocked, id=12720, stack(0x0000003708000000,0x0000003708100000)]
  0x000001442283e800 JavaThread "jar transforms Thread 107" [_thread_blocked, id=4204, stack(0x0000003708100000,0x0000003708200000)]
  0x0000014422841000 JavaThread "jar transforms Thread 108" [_thread_blocked, id=12148, stack(0x0000003708200000,0x0000003708300000)]
  0x000001442283f000 JavaThread "jar transforms Thread 109" [_thread_blocked, id=256, stack(0x0000003708300000,0x0000003708400000)]
  0x0000014422840000 JavaThread "jar transforms Thread 110" [_thread_blocked, id=2644, stack(0x0000003708400000,0x0000003708500000)]
  0x0000014422841800 JavaThread "jar transforms Thread 111" [_thread_blocked, id=14308, stack(0x0000003708500000,0x0000003708600000)]
  0x00000144241b8000 JavaThread "jar transforms Thread 112" [_thread_blocked, id=11056, stack(0x0000003708600000,0x0000003708700000)]
  0x00000144241ba800 JavaThread "jar transforms Thread 113" [_thread_blocked, id=15520, stack(0x0000003708700000,0x0000003708800000)]
  0x00000144241b5000 JavaThread "jar transforms Thread 114" [_thread_blocked, id=10860, stack(0x0000003708800000,0x0000003708900000)]
  0x00000144241b9000 JavaThread "jar transforms Thread 115" [_thread_blocked, id=14788, stack(0x0000003708900000,0x0000003708a00000)]
  0x00000144241ba000 JavaThread "jar transforms Thread 116" [_thread_blocked, id=10892, stack(0x0000003708a00000,0x0000003708b00000)]
  0x00000144241bb800 JavaThread "Memory manager" [_thread_blocked, id=15340, stack(0x0000003708b00000,0x0000003708c00000)]
  0x00000144241b6000 JavaThread "build event listener" [_thread_blocked, id=4228, stack(0x0000003708c00000,0x0000003708d00000)]
  0x00000144241bc800 JavaThread "jar transforms Thread 117" [_thread_blocked, id=12512, stack(0x0000003708d00000,0x0000003708e00000)]
  0x00000144241b6800 JavaThread "jar transforms Thread 118" [_thread_blocked, id=14492, stack(0x0000003708e00000,0x0000003708f00000)]
  0x00000144241bd000 JavaThread "jar transforms Thread 119" [_thread_blocked, id=9188, stack(0x0000003708f00000,0x0000003709000000)]
  0x00000144241b7800 JavaThread "jar transforms Thread 120" [_thread_blocked, id=10496, stack(0x0000003709000000,0x0000003709100000)]
  0x00000144241be000 JavaThread "jar transforms Thread 121" [_thread_blocked, id=1580, stack(0x0000003709100000,0x0000003709200000)]
  0x00000144241bf800 JavaThread "jar transforms Thread 122" [_thread_blocked, id=7484, stack(0x0000003709200000,0x0000003709300000)]
  0x00000144241c0800 JavaThread "jar transforms Thread 123" [_thread_blocked, id=12000, stack(0x0000003709300000,0x0000003709400000)]
  0x00000144241bf000 JavaThread "jar transforms Thread 124" [_thread_blocked, id=8248, stack(0x0000003709400000,0x0000003709500000)]
  0x00000144241c2000 JavaThread "jar transforms Thread 125" [_thread_blocked, id=12864, stack(0x0000003709500000,0x0000003709600000)]
  0x00000144241c1000 JavaThread "jar transforms Thread 126" [_thread_blocked, id=1448, stack(0x0000003709600000,0x0000003709700000)]
  0x00000144241c3800 JavaThread "jar transforms Thread 127" [_thread_blocked, id=2996, stack(0x0000003709700000,0x0000003709800000)]
  0x00000144241c3000 JavaThread "jar transforms Thread 128" [_thread_blocked, id=5364, stack(0x0000003709800000,0x0000003709900000)]
  0x000001442aefd000 JavaThread "jar transforms Thread 129" [_thread_blocked, id=6632, stack(0x0000003709900000,0x0000003709a00000)]
  0x000001442af00800 JavaThread "jar transforms Thread 130" [_thread_blocked, id=15636, stack(0x0000003709a00000,0x0000003709b00000)]
  0x000001442af01800 JavaThread "jar transforms Thread 131" [_thread_blocked, id=8980, stack(0x0000003709b00000,0x0000003709c00000)]
  0x000001442af03800 JavaThread "jar transforms Thread 132" [_thread_blocked, id=15040, stack(0x0000003709c00000,0x0000003709d00000)]
  0x000001442aeff800 JavaThread "jar transforms Thread 133" [_thread_blocked, id=1768, stack(0x0000003709d00000,0x0000003709e00000)]
  0x000001442aefe000 JavaThread "jar transforms Thread 134" [_thread_blocked, id=14452, stack(0x0000003709e00000,0x0000003709f00000)]
  0x000001442af02000 JavaThread "jar transforms Thread 135" [_thread_blocked, id=3400, stack(0x0000003709f00000,0x000000370a000000)]
  0x000001442af08000 JavaThread "Execution worker for ':'" [_thread_blocked, id=14980, stack(0x000000370a200000,0x000000370a300000)]
  0x000001442af08800 JavaThread "Execution worker for ':' Thread 2" [_thread_blocked, id=4492, stack(0x000000370a300000,0x000000370a400000)]
  0x000001442af03000 JavaThread "Execution worker for ':' Thread 3" [_thread_blocked, id=15120, stack(0x000000370a400000,0x000000370a500000)]
  0x000001442af0a800 JavaThread "Execution worker for ':' Thread 4" [_thread_blocked, id=14388, stack(0x000000370a500000,0x000000370a600000)]
  0x000001442af0b000 JavaThread "Execution worker for ':' Thread 5" [_thread_blocked, id=2452, stack(0x000000370a600000,0x000000370a700000)]
  0x000001442af0f000 JavaThread "Execution worker for ':' Thread 6" [_thread_blocked, id=10168, stack(0x000000370a700000,0x000000370a800000)]
  0x000001442af0d800 JavaThread "Execution worker for ':' Thread 7" [_thread_blocked, id=6136, stack(0x000000370a800000,0x000000370a900000)]
  0x000001442af0e800 JavaThread "Cache worker for execution history cache (D:\Haber\haber\android\.gradle\6.7\executionHistory)" [_thread_blocked, id=7944, stack(0x000000370a900000,0x000000370aa00000)]
  0x000001442af09800 JavaThread "Exec process" [_thread_in_native, id=14540, stack(0x000000370a100000,0x000000370a200000)]
  0x000001442af04800 JavaThread "Exec process Thread 2" [_thread_in_native, id=15124, stack(0x000000370aa00000,0x000000370ab00000)]
  0x000001442af0c000 JavaThread "Exec process Thread 3" [_thread_in_native, id=12672, stack(0x000000370ab00000,0x000000370ac00000)]

Other Threads:
  0x0000014422730800 VMThread "VM Thread" [stack: 0x000000377e500000,0x000000377e600000] [id=5464]
  0x0000014422928800 WatcherThread [stack: 0x000000377ef00000,0x000000377f000000] [id=11504]
  0x0000014408d96000 GCTaskThread "GC Thread#0" [stack: 0x000000377e000000,0x000000377e100000] [id=7892]
  0x0000014423331000 GCTaskThread "GC Thread#1" [stack: 0x000000377f000000,0x000000377f100000] [id=5756]
  0x0000014422ae2800 GCTaskThread "GC Thread#2" [stack: 0x000000377fd00000,0x000000377fe00000] [id=10068]
  0x0000014422ae3800 GCTaskThread "GC Thread#3" [stack: 0x000000377fe00000,0x000000377ff00000] [id=2356]
  0x0000014424080800 GCTaskThread "GC Thread#4" [stack: 0x000000377ff00000,0x0000003780000000] [id=12788]
  0x0000014424081000 GCTaskThread "GC Thread#5" [stack: 0x0000003700000000,0x0000003700100000] [id=15048]
  0x0000014423375000 GCTaskThread "GC Thread#6" [stack: 0x0000003700100000,0x0000003700200000] [id=14824]
  0x0000014423b17000 GCTaskThread "GC Thread#7" [stack: 0x0000003700200000,0x0000003700300000] [id=5348]
  0x0000014408dbc800 ConcurrentGCThread "G1 Main Marker" [stack: 0x000000377e100000,0x000000377e200000] [id=16276]
  0x0000014408dbe800 ConcurrentGCThread "G1 Conc#0" [stack: 0x000000377e200000,0x000000377e300000] [id=4684]
  0x000001442385c800 ConcurrentGCThread "G1 Conc#1" [stack: 0x0000003700700000,0x0000003700800000] [id=1252]
  0x0000014421d58800 ConcurrentGCThread "G1 Refine#0" [stack: 0x000000377e300000,0x000000377e400000] [id=16080]
  0x0000014423302800 ConcurrentGCThread "G1 Refine#1" [stack: 0x0000003700300000,0x0000003700400000] [id=14984]
  0x0000014421d5b800 ConcurrentGCThread "G1 Young RemSet Sampling" [stack: 0x000000377e400000,0x000000377e500000] [id=14244]

Threads with active compile tasks:
C2 CompilerThread0  80820 11388       4      
[error occurred during error reporting (printing all threads), id 0xe0000001, Out of Memory Error (./src/hotspot/share/memory/arena.cpp:81)]

VM state:not at safepoint (normal execution)

VM Mutex/Monitor currently owned by a thread: None

Heap address: 0x00000000a0000000, size: 1536 MB, Compressed Oops mode: 32-bit
Narrow klass base: 0x0000000000000000, Narrow klass shift: 3
Compressed class space size: 1073741824 Address: 0x0000000100000000

Heap:
 garbage-first heap   total 246784K, used 166317K [0x00000000a0000000, 0x0000000100000000)
  region size 1024K, 24 young (24576K), 5 survivors (5120K)
 Metaspace       used 83448K, capacity 87017K, committed 87168K, reserved 1124352K
  class space    used 10919K, capacity 12070K, committed 12160K, reserved 1048576K
Heap Regions: E=young(eden), S=young(survivor), O=old, HS=humongous(starts), HC=humongous(continues), CS=collection set, F=free, A=archive, TAMS=top-at-mark-start (previous, next)
|   0|0x00000000a0000000, 0x00000000a0100000, 0x00000000a0100000|100%| O|  |TAMS 0x00000000a0100000, 0x00000000a0000000| Untracked 
|   1|0x00000000a0100000, 0x00000000a0200000, 0x00000000a0200000|100%| O|  |TAMS 0x00000000a0200000, 0x00000000a0100000| Untracked 
|   2|0x00000000a0200000, 0x00000000a0300000, 0x00000000a0300000|100%| O|  |TAMS 0x00000000a0300000, 0x00000000a0200000| Untracked 
|   3|0x00000000a0300000, 0x00000000a0400000, 0x00000000a0400000|100%|HS|  |TAMS 0x00000000a0400000, 0x00000000a0300000| Complete 
|   4|0x00000000a0400000, 0x00000000a0500000, 0x00000000a0500000|100%|HC|  |TAMS 0x00000000a0500000, 0x00000000a0400000| Complete 
|   5|0x00000000a0500000, 0x00000000a0600000, 0x00000000a0600000|100%|HC|  |TAMS 0x00000000a0600000, 0x00000000a0500000| Complete 
|   6|0x00000000a0600000, 0x00000000a0700000, 0x00000000a0700000|100%| O|  |TAMS 0x00000000a0700000, 0x00000000a0600000| Untracked 
|   7|0x00000000a0700000, 0x00000000a0800000, 0x00000000a0800000|100%| O|  |TAMS 0x00000000a0800000, 0x00000000a0700000| Untracked 
|   8|0x00000000a0800000, 0x00000000a0900000, 0x00000000a0900000|100%| O|  |TAMS 0x00000000a0900000, 0x00000000a0800000| Untracked 
|   9|0x00000000a0900000, 0x00000000a0a00000, 0x00000000a0a00000|100%| O|  |TAMS 0x00000000a0a00000, 0x00000000a0900000| Untracked 
|  10|0x00000000a0a00000, 0x00000000a0b00000, 0x00000000a0b00000|100%| O|  |TAMS 0x00000000a0b00000, 0x00000000a0a00000| Untracked 
|  11|0x00000000a0b00000, 0x00000000a0c00000, 0x00000000a0c00000|100%| O|  |TAMS 0x00000000a0c00000, 0x00000000a0b00000| Untracked 
|  12|0x00000000a0c00000, 0x00000000a0d00000, 0x00000000a0d00000|100%| O|  |TAMS 0x00000000a0d00000, 0x00000000a0c00000| Untracked 
|  13|0x00000000a0d00000, 0x00000000a0e00000, 0x00000000a0e00000|100%| O|  |TAMS 0x00000000a0e00000, 0x00000000a0d00000| Untracked 
|  14|0x00000000a0e00000, 0x00000000a0f00000, 0x00000000a0f00000|100%| O|  |TAMS 0x00000000a0f00000, 0x00000000a0e00000| Untracked 
|  15|0x00000000a0f00000, 0x00000000a1000000, 0x00000000a1000000|100%| O|  |TAMS 0x00000000a1000000, 0x00000000a0f00000| Untracked 
|  16|0x00000000a1000000, 0x00000000a1100000, 0x00000000a1100000|100%| O|  |TAMS 0x00000000a1100000, 0x00000000a1000000| Untracked 
|  17|0x00000000a1100000, 0x00000000a1200000, 0x00000000a1200000|100%| O|  |TAMS 0x00000000a1200000, 0x00000000a1100000| Untracked 
|  18|0x00000000a1200000, 0x00000000a1300000, 0x00000000a1300000|100%| O|  |TAMS 0x00000000a1300000, 0x00000000a1200000| Untracked 
|  19|0x00000000a1300000, 0x00000000a1400000, 0x00000000a1400000|100%| O|  |TAMS 0x00000000a1400000, 0x00000000a1300000| Untracked 
|  20|0x00000000a1400000, 0x00000000a1500000, 0x00000000a1500000|100%| O|  |TAMS 0x00000000a1500000, 0x00000000a1400000| Untracked 
|  21|0x00000000a1500000, 0x00000000a1600000, 0x00000000a1600000|100%| O|  |TAMS 0x00000000a1600000, 0x00000000a1500000| Untracked 
|  22|0x00000000a1600000, 0x00000000a1700000, 0x00000000a1700000|100%| O|  |TAMS 0x00000000a1700000, 0x00000000a1600000| Untracked 
|  23|0x00000000a1700000, 0x00000000a1800000, 0x00000000a1800000|100%| O|  |TAMS 0x00000000a1800000, 0x00000000a1700000| Untracked 
|  24|0x00000000a1800000, 0x00000000a1900000, 0x00000000a1900000|100%| O|  |TAMS 0x00000000a1900000, 0x00000000a1800000| Untracked 
|  25|0x00000000a1900000, 0x00000000a1a00000, 0x00000000a1a00000|100%|HS|  |TAMS 0x00000000a1a00000, 0x00000000a1900000| Complete 
|  26|0x00000000a1a00000, 0x00000000a1b00000, 0x00000000a1b00000|100%|HS|  |TAMS 0x00000000a1b00000, 0x00000000a1a00000| Complete 
|  27|0x00000000a1b00000, 0x00000000a1c00000, 0x00000000a1c00000|100%|HS|  |TAMS 0x00000000a1c00000, 0x00000000a1b00000| Complete 
|  28|0x00000000a1c00000, 0x00000000a1d00000, 0x00000000a1d00000|100%|HC|  |TAMS 0x00000000a1d00000, 0x00000000a1c00000| Complete 
|  29|0x00000000a1d00000, 0x00000000a1e00000, 0x00000000a1e00000|100%|HC|  |TAMS 0x00000000a1e00000, 0x00000000a1d00000| Complete 
|  30|0x00000000a1e00000, 0x00000000a1f00000, 0x00000000a1f00000|100%|HS|  |TAMS 0x00000000a1f00000, 0x00000000a1e00000| Complete 
|  31|0x00000000a1f00000, 0x00000000a2000000, 0x00000000a2000000|100%|HC|  |TAMS 0x00000000a2000000, 0x00000000a1f00000| Complete 
|  32|0x00000000a2000000, 0x00000000a2100000, 0x00000000a2100000|100%| O|  |TAMS 0x00000000a2100000, 0x00000000a2000000| Untracked 
|  33|0x00000000a2100000, 0x00000000a2200000, 0x00000000a2200000|100%| O|  |TAMS 0x00000000a2200000, 0x00000000a2100000| Untracked 
|  34|0x00000000a2200000, 0x00000000a2300000, 0x00000000a2300000|100%| O|  |TAMS 0x00000000a2300000, 0x00000000a2200000| Untracked 
|  35|0x00000000a2300000, 0x00000000a2400000, 0x00000000a2400000|100%| O|  |TAMS 0x00000000a2400000, 0x00000000a2300000| Untracked 
|  36|0x00000000a2400000, 0x00000000a2500000, 0x00000000a2500000|100%| O|  |TAMS 0x00000000a2500000, 0x00000000a2400000| Untracked 
|  37|0x00000000a2500000, 0x00000000a2600000, 0x00000000a2600000|100%| O|  |TAMS 0x00000000a2600000, 0x00000000a2500000| Untracked 
|  38|0x00000000a2600000, 0x00000000a2700000, 0x00000000a2700000|100%| O|  |TAMS 0x00000000a2700000, 0x00000000a2600000| Untracked 
|  39|0x00000000a2700000, 0x00000000a2800000, 0x00000000a2800000|100%| O|  |TAMS 0x00000000a2800000, 0x00000000a2700000| Untracked 
|  40|0x00000000a2800000, 0x00000000a2900000, 0x00000000a2900000|100%| O|  |TAMS 0x00000000a2900000, 0x00000000a2800000| Untracked 
|  41|0x00000000a2900000, 0x00000000a2a00000, 0x00000000a2a00000|100%| O|  |TAMS 0x00000000a2a00000, 0x00000000a2900000| Untracked 
|  42|0x00000000a2a00000, 0x00000000a2b00000, 0x00000000a2b00000|100%|HS|  |TAMS 0x00000000a2b00000, 0x00000000a2a00000| Complete 
|  43|0x00000000a2b00000, 0x00000000a2c00000, 0x00000000a2c00000|100%| O|  |TAMS 0x00000000a2c00000, 0x00000000a2b00000| Untracked 
|  44|0x00000000a2c00000, 0x00000000a2d00000, 0x00000000a2d00000|100%| O|  |TAMS 0x00000000a2d00000, 0x00000000a2c00000| Untracked 
|  45|0x00000000a2d00000, 0x00000000a2e00000, 0x00000000a2e00000|100%| O|  |TAMS 0x00000000a2e00000, 0x00000000a2d00000| Untracked 
|  46|0x00000000a2e00000, 0x00000000a2f00000, 0x00000000a2f00000|100%| O|  |TAMS 0x00000000a2f00000, 0x00000000a2e00000| Untracked 
|  47|0x00000000a2f00000, 0x00000000a3000000, 0x00000000a3000000|100%| O|  |TAMS 0x00000000a3000000, 0x00000000a2f00000| Untracked 
|  48|0x00000000a3000000, 0x00000000a3100000, 0x00000000a3100000|100%|HS|  |TAMS 0x00000000a3100000, 0x00000000a3000000| Complete 
|  49|0x00000000a3100000, 0x00000000a3200000, 0x00000000a3200000|100%| O|  |TAMS 0x00000000a3200000, 0x00000000a3100000| Untracked 
|  50|0x00000000a3200000, 0x00000000a3300000, 0x00000000a3300000|100%| O|  |TAMS 0x00000000a3300000, 0x00000000a3200000| Untracked 
|  51|0x00000000a3300000, 0x00000000a3400000, 0x00000000a3400000|100%| O|  |TAMS 0x00000000a3400000, 0x00000000a3300000| Untracked 
|  52|0x00000000a3400000, 0x00000000a3500000, 0x00000000a3500000|100%| O|  |TAMS 0x00000000a3500000, 0x00000000a3400000| Untracked 
|  53|0x00000000a3500000, 0x00000000a3600000, 0x00000000a3600000|100%| O|  |TAMS 0x00000000a3600000, 0x00000000a3500000| Untracked 
|  54|0x00000000a3600000, 0x00000000a3700000, 0x00000000a3700000|100%| O|  |TAMS 0x00000000a3700000, 0x00000000a3600000| Untracked 
|  55|0x00000000a3700000, 0x00000000a3800000, 0x00000000a3800000|100%| O|  |TAMS 0x00000000a3800000, 0x00000000a3700000| Untracked 
|  56|0x00000000a3800000, 0x00000000a3900000, 0x00000000a3900000|100%| O|  |TAMS 0x00000000a3900000, 0x00000000a3800000| Untracked 
|  57|0x00000000a3900000, 0x00000000a3a00000, 0x00000000a3a00000|100%|HS|  |TAMS 0x00000000a3a00000, 0x00000000a3900000| Complete 
|  58|0x00000000a3a00000, 0x00000000a3b00000, 0x00000000a3b00000|100%|HC|  |TAMS 0x00000000a3b00000, 0x00000000a3a00000| Complete 
|  59|0x00000000a3b00000, 0x00000000a3c00000, 0x00000000a3c00000|100%| O|  |TAMS 0x00000000a3c00000, 0x00000000a3b00000| Untracked 
|  60|0x00000000a3c00000, 0x00000000a3d00000, 0x00000000a3d00000|100%| O|  |TAMS 0x00000000a3d00000, 0x00000000a3c00000| Untracked 
|  61|0x00000000a3d00000, 0x00000000a3e00000, 0x00000000a3e00000|100%| O|  |TAMS 0x00000000a3e00000, 0x00000000a3d00000| Untracked 
|  62|0x00000000a3e00000, 0x00000000a3f00000, 0x00000000a3f00000|100%| O|  |TAMS 0x00000000a3f00000, 0x00000000a3e00000| Untracked 
|  63|0x00000000a3f00000, 0x00000000a4000000, 0x00000000a4000000|100%| O|  |TAMS 0x00000000a4000000, 0x00000000a3f00000| Untracked 
|  64|0x00000000a4000000, 0x00000000a4100000, 0x00000000a4100000|100%| O|  |TAMS 0x00000000a4100000, 0x00000000a4000000| Untracked 
|  65|0x00000000a4100000, 0x00000000a4200000, 0x00000000a4200000|100%| O|  |TAMS 0x00000000a4200000, 0x00000000a4100000| Untracked 
|  66|0x00000000a4200000, 0x00000000a4300000, 0x00000000a4300000|100%| O|  |TAMS 0x00000000a4300000, 0x00000000a4200000| Untracked 
|  67|0x00000000a4300000, 0x00000000a4400000, 0x00000000a4400000|100%| O|  |TAMS 0x00000000a4400000, 0x00000000a4300000| Untracked 
|  68|0x00000000a4400000, 0x00000000a4500000, 0x00000000a4500000|100%| O|  |TAMS 0x00000000a4500000, 0x00000000a4400000| Untracked 
|  69|0x00000000a4500000, 0x00000000a4600000, 0x00000000a4600000|100%| O|  |TAMS 0x00000000a4600000, 0x00000000a4500000| Untracked 
|  70|0x00000000a4600000, 0x00000000a4700000, 0x00000000a4700000|100%| O|  |TAMS 0x00000000a4700000, 0x00000000a4600000| Untracked 
|  71|0x00000000a4700000, 0x00000000a4800000, 0x00000000a4800000|100%| O|  |TAMS 0x00000000a4800000, 0x00000000a4700000| Untracked 
|  72|0x00000000a4800000, 0x00000000a4900000, 0x00000000a4900000|100%| O|  |TAMS 0x00000000a4900000, 0x00000000a4800000| Untracked 
|  73|0x00000000a4900000, 0x00000000a4a00000, 0x00000000a4a00000|100%| O|  |TAMS 0x00000000a4a00000, 0x00000000a4900000| Untracked 
|  74|0x00000000a4a00000, 0x00000000a4b00000, 0x00000000a4b00000|100%| O|  |TAMS 0x00000000a4b00000, 0x00000000a4a00000| Untracked 
|  75|0x00000000a4b00000, 0x00000000a4c00000, 0x00000000a4c00000|100%|HS|  |TAMS 0x00000000a4c00000, 0x00000000a4b00000| Complete 
|  76|0x00000000a4c00000, 0x00000000a4d00000, 0x00000000a4d00000|100%|HC|  |TAMS 0x00000000a4d00000, 0x00000000a4c00000| Complete 
|  77|0x00000000a4d00000, 0x00000000a4e00000, 0x00000000a4e00000|100%|HC|  |TAMS 0x00000000a4e00000, 0x00000000a4d00000| Complete 
|  78|0x00000000a4e00000, 0x00000000a4f00000, 0x00000000a4f00000|100%| O|  |TAMS 0x00000000a4f00000, 0x00000000a4e00000| Untracked 
|  79|0x00000000a4f00000, 0x00000000a5000000, 0x00000000a5000000|100%| O|  |TAMS 0x00000000a5000000, 0x00000000a4f00000| Untracked 
|  80|0x00000000a5000000, 0x00000000a5100000, 0x00000000a5100000|100%| O|  |TAMS 0x00000000a5100000, 0x00000000a5000000| Untracked 
|  81|0x00000000a5100000, 0x00000000a5200000, 0x00000000a5200000|100%| O|  |TAMS 0x00000000a5200000, 0x00000000a5100000| Untracked 
|  82|0x00000000a5200000, 0x00000000a5300000, 0x00000000a5300000|100%| O|  |TAMS 0x00000000a5300000, 0x00000000a5200000| Untracked 
|  83|0x00000000a5300000, 0x00000000a5400000, 0x00000000a5400000|100%| O|  |TAMS 0x00000000a5400000, 0x00000000a5300000| Untracked 
|  84|0x00000000a5400000, 0x00000000a5500000, 0x00000000a5500000|100%| O|  |TAMS 0x00000000a5500000, 0x00000000a5400000| Untracked 
|  85|0x00000000a5500000, 0x00000000a5600000, 0x00000000a5600000|100%| O|  |TAMS 0x00000000a5600000, 0x00000000a5500000| Untracked 
|  86|0x00000000a5600000, 0x00000000a5700000, 0x00000000a5700000|100%| O|  |TAMS 0x00000000a5700000, 0x00000000a5600000| Untracked 
|  87|0x00000000a5700000, 0x00000000a5800000, 0x00000000a5800000|100%| O|  |TAMS 0x00000000a5800000, 0x00000000a5700000| Untracked 
|  88|0x00000000a5800000, 0x00000000a5900000, 0x00000000a5900000|100%| O|  |TAMS 0x00000000a5900000, 0x00000000a5800000| Untracked 
|  89|0x00000000a5900000, 0x00000000a5a00000, 0x00000000a5a00000|100%| O|  |TAMS 0x00000000a5a00000, 0x00000000a5900000| Untracked 
|  90|0x00000000a5a00000, 0x00000000a5b00000, 0x00000000a5b00000|100%| O|  |TAMS 0x00000000a5b00000, 0x00000000a5a00000| Untracked 
|  91|0x00000000a5b00000, 0x00000000a5c00000, 0x00000000a5c00000|100%|HS|  |TAMS 0x00000000a5c00000, 0x00000000a5b00000| Complete 
|  92|0x00000000a5c00000, 0x00000000a5d00000, 0x00000000a5d00000|100%| O|  |TAMS 0x00000000a5d00000, 0x00000000a5c00000| Untracked 
|  93|0x00000000a5d00000, 0x00000000a5e00000, 0x00000000a5e00000|100%| O|  |TAMS 0x00000000a5e00000, 0x00000000a5d00000| Untracked 
|  94|0x00000000a5e00000, 0x00000000a5f00000, 0x00000000a5f00000|100%| O|  |TAMS 0x00000000a5f00000, 0x00000000a5e00000| Untracked 
|  95|0x00000000a5f00000, 0x00000000a6000000, 0x00000000a6000000|100%| O|  |TAMS 0x00000000a6000000, 0x00000000a5f00000| Untracked 
|  96|0x00000000a6000000, 0x00000000a6100000, 0x00000000a6100000|100%| O|  |TAMS 0x00000000a6100000, 0x00000000a6000000| Untracked 
|  97|0x00000000a6100000, 0x00000000a6200000, 0x00000000a6200000|100%| O|  |TAMS 0x00000000a6200000, 0x00000000a6100000| Untracked 
|  98|0x00000000a6200000, 0x00000000a6300000, 0x00000000a6300000|100%|HS|  |TAMS 0x00000000a6300000, 0x00000000a6200000| Complete 
|  99|0x00000000a6300000, 0x00000000a6400000, 0x00000000a6400000|100%|HC|  |TAMS 0x00000000a6400000, 0x00000000a6300000| Complete 
| 100|0x00000000a6400000, 0x00000000a6500000, 0x00000000a6500000|100%|HC|  |TAMS 0x00000000a6500000, 0x00000000a6400000| Complete 
| 101|0x00000000a6500000, 0x00000000a6600000, 0x00000000a6600000|100%|HS|  |TAMS 0x00000000a6600000, 0x00000000a6500000| Complete 
| 102|0x00000000a6600000, 0x00000000a6700000, 0x00000000a6700000|100%|HC|  |TAMS 0x00000000a6700000, 0x00000000a6600000| Complete 
| 103|0x00000000a6700000, 0x00000000a6800000, 0x00000000a6800000|100%|HC|  |TAMS 0x00000000a6800000, 0x00000000a6700000| Complete 
| 104|0x00000000a6800000, 0x00000000a6900000, 0x00000000a6900000|100%| O|  |TAMS 0x00000000a6900000, 0x00000000a6800000| Untracked 
| 105|0x00000000a6900000, 0x00000000a6a00000, 0x00000000a6a00000|100%| O|  |TAMS 0x00000000a6a00000, 0x00000000a6900000| Untracked 
| 106|0x00000000a6a00000, 0x00000000a6b00000, 0x00000000a6b00000|100%|HS|  |TAMS 0x00000000a6b00000, 0x00000000a6a00000| Complete 
| 107|0x00000000a6b00000, 0x00000000a6c00000, 0x00000000a6c00000|100%| O|  |TAMS 0x00000000a6c00000, 0x00000000a6b00000| Untracked 
| 108|0x00000000a6c00000, 0x00000000a6d00000, 0x00000000a6d00000|100%|HS|  |TAMS 0x00000000a6d00000, 0x00000000a6c00000| Complete 
| 109|0x00000000a6d00000, 0x00000000a6e00000, 0x00000000a6e00000|100%| O|  |TAMS 0x00000000a6e00000, 0x00000000a6d00000| Untracked 
| 110|0x00000000a6e00000, 0x00000000a6f00000, 0x00000000a6f00000|100%| O|  |TAMS 0x00000000a6f00000, 0x00000000a6e00000| Untracked 
| 111|0x00000000a6f00000, 0x00000000a7000000, 0x00000000a7000000|100%| O|  |TAMS 0x00000000a7000000, 0x00000000a6f00000| Untracked 
| 112|0x00000000a7000000, 0x00000000a7100000, 0x00000000a7100000|100%| O|  |TAMS 0x00000000a7100000, 0x00000000a7000000| Untracked 
| 113|0x00000000a7100000, 0x00000000a7200000, 0x00000000a7200000|100%| O|  |TAMS 0x00000000a7200000, 0x00000000a7100000| Untracked 
| 114|0x00000000a7200000, 0x00000000a7300000, 0x00000000a7300000|100%| O|  |TAMS 0x00000000a7300000, 0x00000000a7200000| Untracked 
| 115|0x00000000a7300000, 0x00000000a7400000, 0x00000000a7400000|100%| O|  |TAMS 0x00000000a735a000, 0x00000000a7300000| Untracked 
| 116|0x00000000a7400000, 0x00000000a7500000, 0x00000000a7500000|100%| O|  |TAMS 0x00000000a7500000, 0x00000000a7400000| Untracked 
| 117|0x00000000a7500000, 0x00000000a7600000, 0x00000000a7600000|100%| O|  |TAMS 0x00000000a7500000, 0x00000000a7500000| Untracked 
| 118|0x00000000a7600000, 0x00000000a7700000, 0x00000000a7700000|100%| O|  |TAMS 0x00000000a7700000, 0x00000000a7600000| Untracked 
| 119|0x00000000a7700000, 0x00000000a7800000, 0x00000000a7800000|100%| O|  |TAMS 0x00000000a7800000, 0x00000000a7700000| Untracked 
| 120|0x00000000a7800000, 0x00000000a7900000, 0x00000000a7900000|100%| O|  |TAMS 0x00000000a7800000, 0x00000000a7800000| Untracked 
| 121|0x00000000a7900000, 0x00000000a7a00000, 0x00000000a7a00000|100%| O|  |TAMS 0x00000000a7a00000, 0x00000000a7900000| Untracked 
| 122|0x00000000a7a00000, 0x00000000a7b00000, 0x00000000a7b00000|100%| O|  |TAMS 0x00000000a7a00000, 0x00000000a7a00000| Untracked 
| 123|0x00000000a7b00000, 0x00000000a7c00000, 0x00000000a7c00000|100%| O|  |TAMS 0x00000000a7c00000, 0x00000000a7b00000| Untracked 
| 124|0x00000000a7c00000, 0x00000000a7d00000, 0x00000000a7d00000|100%| O|  |TAMS 0x00000000a7d00000, 0x00000000a7c00000| Untracked 
| 125|0x00000000a7d00000, 0x00000000a7e00000, 0x00000000a7e00000|100%| O|  |TAMS 0x00000000a7e00000, 0x00000000a7d00000| Untracked 
| 126|0x00000000a7e00000, 0x00000000a7f00000, 0x00000000a7f00000|100%| O|  |TAMS 0x00000000a7f00000, 0x00000000a7e00000| Untracked 
| 127|0x00000000a7f00000, 0x00000000a8000000, 0x00000000a8000000|100%| O|  |TAMS 0x00000000a7f00000, 0x00000000a7f00000| Untracked 
| 128|0x00000000a8000000, 0x00000000a8100000, 0x00000000a8100000|100%| O|  |TAMS 0x00000000a8100000, 0x00000000a8000000| Untracked 
| 129|0x00000000a8100000, 0x00000000a8200000, 0x00000000a8200000|100%| O|  |TAMS 0x00000000a8200000, 0x00000000a8100000| Untracked 
| 130|0x00000000a8200000, 0x00000000a8300000, 0x00000000a8300000|100%| O|  |TAMS 0x00000000a8200000, 0x00000000a8200000| Untracked 
| 131|0x00000000a8300000, 0x00000000a8400000, 0x00000000a8400000|100%| O|  |TAMS 0x00000000a8400000, 0x00000000a8300000| Untracked 
| 132|0x00000000a8400000, 0x00000000a8500000, 0x00000000a8500000|100%| O|  |TAMS 0x00000000a8500000, 0x00000000a8400000| Untracked 
| 133|0x00000000a8500000, 0x00000000a8600000, 0x00000000a8600000|100%| O|  |TAMS 0x00000000a8600000, 0x00000000a8500000| Untracked 
| 134|0x00000000a8600000, 0x00000000a8700000, 0x00000000a8700000|100%| O|  |TAMS 0x00000000a8700000, 0x00000000a8600000| Untracked 
| 135|0x00000000a8700000, 0x00000000a8800000, 0x00000000a8800000|100%| O|  |TAMS 0x00000000a8800000, 0x00000000a8700000| Untracked 
| 136|0x00000000a8800000, 0x00000000a8900000, 0x00000000a8900000|100%| O|  |TAMS 0x00000000a8800000, 0x00000000a8800000| Untracked 
| 137|0x00000000a8900000, 0x00000000a8a00000, 0x00000000a8a00000|100%| O|  |TAMS 0x00000000a8900000, 0x00000000a8900000| Untracked 
| 138|0x00000000a8a00000, 0x00000000a8a00000, 0x00000000a8b00000|  0%| F|  |TAMS 0x00000000a8a00000, 0x00000000a8a00000| Untracked 
| 139|0x00000000a8b00000, 0x00000000a8c00000, 0x00000000a8c00000|100%| O|  |TAMS 0x00000000a8b00000, 0x00000000a8b00000| Untracked 
| 140|0x00000000a8c00000, 0x00000000a8c6b400, 0x00000000a8d00000| 41%| O|  |TAMS 0x00000000a8c00000, 0x00000000a8c00000| Untracked 
| 141|0x00000000a8d00000, 0x00000000a8d00000, 0x00000000a8e00000|  0%| F|  |TAMS 0x00000000a8d00000, 0x00000000a8d00000| Untracked 
| 142|0x00000000a8e00000, 0x00000000a8e00000, 0x00000000a8f00000|  0%| F|  |TAMS 0x00000000a8e00000, 0x00000000a8e00000| Untracked 
| 143|0x00000000a8f00000, 0x00000000a8f00000, 0x00000000a9000000|  0%| F|  |TAMS 0x00000000a8f00000, 0x00000000a8f00000| Untracked 
| 144|0x00000000a9000000, 0x00000000a9000000, 0x00000000a9100000|  0%| F|  |TAMS 0x00000000a9000000, 0x00000000a9000000| Untracked 
| 145|0x00000000a9100000, 0x00000000a9100000, 0x00000000a9200000|  0%| F|  |TAMS 0x00000000a9100000, 0x00000000a9100000| Untracked 
| 146|0x00000000a9200000, 0x00000000a9200000, 0x00000000a9300000|  0%| F|  |TAMS 0x00000000a9200000, 0x00000000a9200000| Untracked 
| 147|0x00000000a9300000, 0x00000000a9300000, 0x00000000a9400000|  0%| F|  |TAMS 0x00000000a9300000, 0x00000000a9300000| Untracked 
| 148|0x00000000a9400000, 0x00000000a9400000, 0x00000000a9500000|  0%| F|  |TAMS 0x00000000a9400000, 0x00000000a9400000| Untracked 
| 149|0x00000000a9500000, 0x00000000a9500000, 0x00000000a9600000|  0%| F|  |TAMS 0x00000000a9500000, 0x00000000a9500000| Untracked 
| 150|0x00000000a9600000, 0x00000000a9600000, 0x00000000a9700000|  0%| F|  |TAMS 0x00000000a9600000, 0x00000000a9600000| Untracked 
| 151|0x00000000a9700000, 0x00000000a9700000, 0x00000000a9800000|  0%| F|  |TAMS 0x00000000a9700000, 0x00000000a9700000| Untracked 
| 152|0x00000000a9800000, 0x00000000a9800000, 0x00000000a9900000|  0%| F|  |TAMS 0x00000000a9800000, 0x00000000a9800000| Untracked 
| 153|0x00000000a9900000, 0x00000000a9900000, 0x00000000a9a00000|  0%| F|  |TAMS 0x00000000a9900000, 0x00000000a9900000| Untracked 
| 154|0x00000000a9a00000, 0x00000000a9a00000, 0x00000000a9b00000|  0%| F|  |TAMS 0x00000000a9a00000, 0x00000000a9a00000| Untracked 
| 155|0x00000000a9b00000, 0x00000000a9b00000, 0x00000000a9c00000|  0%| F|  |TAMS 0x00000000a9b00000, 0x00000000a9b00000| Untracked 
| 156|0x00000000a9c00000, 0x00000000a9c00000, 0x00000000a9d00000|  0%| F|  |TAMS 0x00000000a9c00000, 0x00000000a9c00000| Untracked 
| 157|0x00000000a9d00000, 0x00000000a9d00000, 0x00000000a9e00000|  0%| F|  |TAMS 0x00000000a9d00000, 0x00000000a9d00000| Untracked 
| 158|0x00000000a9e00000, 0x00000000a9e00000, 0x00000000a9f00000|  0%| F|  |TAMS 0x00000000a9e00000, 0x00000000a9e00000| Untracked 
| 159|0x00000000a9f00000, 0x00000000a9f00000, 0x00000000aa000000|  0%| F|  |TAMS 0x00000000a9f00000, 0x00000000a9f00000| Untracked 
| 160|0x00000000aa000000, 0x00000000aa000000, 0x00000000aa100000|  0%| F|  |TAMS 0x00000000aa000000, 0x00000000aa000000| Untracked 
| 161|0x00000000aa100000, 0x00000000aa100000, 0x00000000aa200000|  0%| F|  |TAMS 0x00000000aa100000, 0x00000000aa100000| Untracked 
| 162|0x00000000aa200000, 0x00000000aa200000, 0x00000000aa300000|  0%| F|  |TAMS 0x00000000aa200000, 0x00000000aa200000| Untracked 
| 163|0x00000000aa300000, 0x00000000aa300000, 0x00000000aa400000|  0%| F|  |TAMS 0x00000000aa300000, 0x00000000aa300000| Untracked 
| 164|0x00000000aa400000, 0x00000000aa400000, 0x00000000aa500000|  0%| F|  |TAMS 0x00000000aa400000, 0x00000000aa400000| Untracked 
| 165|0x00000000aa500000, 0x00000000aa500000, 0x00000000aa600000|  0%| F|  |TAMS 0x00000000aa500000, 0x00000000aa500000| Untracked 
| 166|0x00000000aa600000, 0x00000000aa600000, 0x00000000aa700000|  0%| F|  |TAMS 0x00000000aa600000, 0x00000000aa600000| Untracked 
| 167|0x00000000aa700000, 0x00000000aa700000, 0x00000000aa800000|  0%| F|  |TAMS 0x00000000aa700000, 0x00000000aa700000| Untracked 
| 168|0x00000000aa800000, 0x00000000aa800000, 0x00000000aa900000|  0%| F|  |TAMS 0x00000000aa800000, 0x00000000aa800000| Untracked 
| 169|0x00000000aa900000, 0x00000000aa900000, 0x00000000aaa00000|  0%| F|  |TAMS 0x00000000aa900000, 0x00000000aa900000| Untracked 
| 170|0x00000000aaa00000, 0x00000000aaa00000, 0x00000000aab00000|  0%| F|  |TAMS 0x00000000aaa00000, 0x00000000aaa00000| Untracked 
| 171|0x00000000aab00000, 0x00000000aab00000, 0x00000000aac00000|  0%| F|  |TAMS 0x00000000aab00000, 0x00000000aab00000| Untracked 
| 172|0x00000000aac00000, 0x00000000aac00000, 0x00000000aad00000|  0%| F|  |TAMS 0x00000000aac00000, 0x00000000aac00000| Untracked 
| 173|0x00000000aad00000, 0x00000000aad00000, 0x00000000aae00000|  0%| F|  |TAMS 0x00000000aad00000, 0x00000000aad00000| Untracked 
| 174|0x00000000aae00000, 0x00000000aae00000, 0x00000000aaf00000|  0%| F|  |TAMS 0x00000000aae00000, 0x00000000aae00000| Untracked 
| 175|0x00000000aaf00000, 0x00000000aaf00000, 0x00000000ab000000|  0%| F|  |TAMS 0x00000000aaf00000, 0x00000000aaf00000| Untracked 
| 176|0x00000000ab000000, 0x00000000ab000000, 0x00000000ab100000|  0%| F|  |TAMS 0x00000000ab000000, 0x00000000ab000000| Untracked 
| 177|0x00000000ab100000, 0x00000000ab100000, 0x00000000ab200000|  0%| F|  |TAMS 0x00000000ab100000, 0x00000000ab100000| Untracked 
| 178|0x00000000ab200000, 0x00000000ab200000, 0x00000000ab300000|  0%| F|  |TAMS 0x00000000ab200000, 0x00000000ab200000| Untracked 
| 179|0x00000000ab300000, 0x00000000ab300000, 0x00000000ab400000|  0%| F|  |TAMS 0x00000000ab300000, 0x00000000ab300000| Untracked 
| 180|0x00000000ab400000, 0x00000000ab400000, 0x00000000ab500000|  0%| F|  |TAMS 0x00000000ab400000, 0x00000000ab400000| Untracked 
| 181|0x00000000ab500000, 0x00000000ab500000, 0x00000000ab600000|  0%| F|  |TAMS 0x00000000ab500000, 0x00000000ab500000| Untracked 
| 182|0x00000000ab600000, 0x00000000ab600000, 0x00000000ab700000|  0%| F|  |TAMS 0x00000000ab600000, 0x00000000ab600000| Untracked 
| 183|0x00000000ab700000, 0x00000000ab700000, 0x00000000ab800000|  0%| F|  |TAMS 0x00000000ab700000, 0x00000000ab700000| Untracked 
| 184|0x00000000ab800000, 0x00000000ab800000, 0x00000000ab900000|  0%| F|  |TAMS 0x00000000ab800000, 0x00000000ab800000| Untracked 
| 185|0x00000000ab900000, 0x00000000ab900000, 0x00000000aba00000|  0%| F|  |TAMS 0x00000000ab900000, 0x00000000ab900000| Untracked 
| 186|0x00000000aba00000, 0x00000000aba00000, 0x00000000abb00000|  0%| F|  |TAMS 0x00000000aba00000, 0x00000000aba00000| Untracked 
| 187|0x00000000abb00000, 0x00000000abb00000, 0x00000000abc00000|  0%| F|  |TAMS 0x00000000abb00000, 0x00000000abb00000| Untracked 
| 188|0x00000000abc00000, 0x00000000abc00000, 0x00000000abd00000|  0%| F|  |TAMS 0x00000000abc00000, 0x00000000abc00000| Untracked 
| 189|0x00000000abd00000, 0x00000000abd00000, 0x00000000abe00000|  0%| F|  |TAMS 0x00000000abd00000, 0x00000000abd00000| Untracked 
| 190|0x00000000abe00000, 0x00000000abe00000, 0x00000000abf00000|  0%| F|  |TAMS 0x00000000abe00000, 0x00000000abe00000| Untracked 
| 191|0x00000000abf00000, 0x00000000abf00000, 0x00000000ac000000|  0%| F|  |TAMS 0x00000000abf00000, 0x00000000abf00000| Untracked 
| 192|0x00000000ac000000, 0x00000000ac000000, 0x00000000ac100000|  0%| F|  |TAMS 0x00000000ac000000, 0x00000000ac000000| Untracked 
| 193|0x00000000ac100000, 0x00000000ac100000, 0x00000000ac200000|  0%| F|  |TAMS 0x00000000ac100000, 0x00000000ac100000| Untracked 
| 194|0x00000000ac200000, 0x00000000ac200000, 0x00000000ac300000|  0%| F|  |TAMS 0x00000000ac200000, 0x00000000ac200000| Untracked 
| 195|0x00000000ac300000, 0x00000000ac300000, 0x00000000ac400000|  0%| F|  |TAMS 0x00000000ac300000, 0x00000000ac300000| Untracked 
| 196|0x00000000ac400000, 0x00000000ac400000, 0x00000000ac500000|  0%| F|  |TAMS 0x00000000ac400000, 0x00000000ac400000| Untracked 
| 197|0x00000000ac500000, 0x00000000ac500000, 0x00000000ac600000|  0%| F|  |TAMS 0x00000000ac500000, 0x00000000ac500000| Untracked 
| 198|0x00000000ac600000, 0x00000000ac600000, 0x00000000ac700000|  0%| F|  |TAMS 0x00000000ac600000, 0x00000000ac600000| Untracked 
| 199|0x00000000ac700000, 0x00000000ac700000, 0x00000000ac800000|  0%| F|  |TAMS 0x00000000ac700000, 0x00000000ac700000| Untracked 
| 200|0x00000000ac800000, 0x00000000ac800000, 0x00000000ac900000|  0%| F|  |TAMS 0x00000000ac800000, 0x00000000ac800000| Untracked 
| 201|0x00000000ac900000, 0x00000000ac900000, 0x00000000aca00000|  0%| F|  |TAMS 0x00000000ac900000, 0x00000000ac900000| Untracked 
| 202|0x00000000aca00000, 0x00000000acb00000, 0x00000000acb00000|100%| S|CS|TAMS 0x00000000aca00000, 0x00000000aca00000| Complete 
| 203|0x00000000acb00000, 0x00000000acc00000, 0x00000000acc00000|100%| S|CS|TAMS 0x00000000acb00000, 0x00000000acb00000| Complete 
| 204|0x00000000acc00000, 0x00000000acd00000, 0x00000000acd00000|100%| S|CS|TAMS 0x00000000acc00000, 0x00000000acc00000| Complete 
| 205|0x00000000acd00000, 0x00000000ace00000, 0x00000000ace00000|100%| S|CS|TAMS 0x00000000acd00000, 0x00000000acd00000| Complete 
| 206|0x00000000ace00000, 0x00000000acf00000, 0x00000000acf00000|100%| S|CS|TAMS 0x00000000ace00000, 0x00000000ace00000| Complete 
| 207|0x00000000acf00000, 0x00000000acf00000, 0x00000000ad000000|  0%| F|  |TAMS 0x00000000acf00000, 0x00000000acf00000| Untracked 
| 208|0x00000000ad000000, 0x00000000ad000000, 0x00000000ad100000|  0%| F|  |TAMS 0x00000000ad000000, 0x00000000ad000000| Untracked 
| 209|0x00000000ad100000, 0x00000000ad100000, 0x00000000ad200000|  0%| F|  |TAMS 0x00000000ad100000, 0x00000000ad100000| Untracked 
| 210|0x00000000ad200000, 0x00000000ad200000, 0x00000000ad300000|  0%| F|  |TAMS 0x00000000ad200000, 0x00000000ad200000| Untracked 
| 211|0x00000000ad300000, 0x00000000ad300000, 0x00000000ad400000|  0%| F|  |TAMS 0x00000000ad300000, 0x00000000ad300000| Untracked 
| 212|0x00000000ad400000, 0x00000000ad400000, 0x00000000ad500000|  0%| F|  |TAMS 0x00000000ad400000, 0x00000000ad400000| Untracked 
| 213|0x00000000ad500000, 0x00000000ad500000, 0x00000000ad600000|  0%| F|  |TAMS 0x00000000ad500000, 0x00000000ad500000| Untracked 
| 214|0x00000000ad600000, 0x00000000ad600000, 0x00000000ad700000|  0%| F|  |TAMS 0x00000000ad600000, 0x00000000ad600000| Untracked 
| 215|0x00000000ad700000, 0x00000000ad700000, 0x00000000ad800000|  0%| F|  |TAMS 0x00000000ad700000, 0x00000000ad700000| Untracked 
| 216|0x00000000ad800000, 0x00000000ad800000, 0x00000000ad900000|  0%| F|  |TAMS 0x00000000ad800000, 0x00000000ad800000| Untracked 
| 217|0x00000000ad900000, 0x00000000ad900000, 0x00000000ada00000|  0%| F|  |TAMS 0x00000000ad900000, 0x00000000ad900000| Untracked 
| 218|0x00000000ada00000, 0x00000000ada00000, 0x00000000adb00000|  0%| F|  |TAMS 0x00000000ada00000, 0x00000000ada00000| Untracked 
| 219|0x00000000adb00000, 0x00000000adb00000, 0x00000000adc00000|  0%| F|  |TAMS 0x00000000adb00000, 0x00000000adb00000| Untracked 
| 220|0x00000000adc00000, 0x00000000adc00000, 0x00000000add00000|  0%| F|  |TAMS 0x00000000adc00000, 0x00000000adc00000| Untracked 
| 221|0x00000000add00000, 0x00000000add00000, 0x00000000ade00000|  0%| F|  |TAMS 0x00000000add00000, 0x00000000add00000| Untracked 
| 222|0x00000000ade00000, 0x00000000ade198b8, 0x00000000adf00000|  9%| E|  |TAMS 0x00000000ade00000, 0x00000000ade00000| Complete 
| 223|0x00000000adf00000, 0x00000000ae000000, 0x00000000ae000000|100%| E|CS|TAMS 0x00000000adf00000, 0x00000000adf00000| Complete 
| 224|0x00000000ae000000, 0x00000000ae100000, 0x00000000ae100000|100%| E|CS|TAMS 0x00000000ae000000, 0x00000000ae000000| Complete 
| 225|0x00000000ae100000, 0x00000000ae200000, 0x00000000ae200000|100%| E|CS|TAMS 0x00000000ae100000, 0x00000000ae100000| Complete 
| 226|0x00000000ae200000, 0x00000000ae300000, 0x00000000ae300000|100%| E|CS|TAMS 0x00000000ae200000, 0x00000000ae200000| Complete 
| 227|0x00000000ae300000, 0x00000000ae400000, 0x00000000ae400000|100%| E|CS|TAMS 0x00000000ae300000, 0x00000000ae300000| Complete 
| 228|0x00000000ae400000, 0x00000000ae500000, 0x00000000ae500000|100%| E|CS|TAMS 0x00000000ae400000, 0x00000000ae400000| Complete 
| 229|0x00000000ae500000, 0x00000000ae600000, 0x00000000ae600000|100%| E|CS|TAMS 0x00000000ae500000, 0x00000000ae500000| Complete 
| 230|0x00000000ae600000, 0x00000000ae700000, 0x00000000ae700000|100%| E|CS|TAMS 0x00000000ae600000, 0x00000000ae600000| Complete 
| 231|0x00000000ae700000, 0x00000000ae800000, 0x00000000ae800000|100%| E|CS|TAMS 0x00000000ae700000, 0x00000000ae700000| Complete 
| 232|0x00000000ae800000, 0x00000000ae900000, 0x00000000ae900000|100%| E|CS|TAMS 0x00000000ae800000, 0x00000000ae800000| Complete 
| 233|0x00000000ae900000, 0x00000000aea00000, 0x00000000aea00000|100%| E|CS|TAMS 0x00000000ae900000, 0x00000000ae900000| Complete 
| 234|0x00000000aea00000, 0x00000000aeb00000, 0x00000000aeb00000|100%| E|CS|TAMS 0x00000000aea00000, 0x00000000aea00000| Complete 
| 235|0x00000000aeb00000, 0x00000000aec00000, 0x00000000aec00000|100%| E|CS|TAMS 0x00000000aeb00000, 0x00000000aeb00000| Complete 
| 236|0x00000000aec00000, 0x00000000aed00000, 0x00000000aed00000|100%| E|CS|TAMS 0x00000000aec00000, 0x00000000aec00000| Complete 
| 237|0x00000000aed00000, 0x00000000aee00000, 0x00000000aee00000|100%| E|CS|TAMS 0x00000000aed00000, 0x00000000aed00000| Complete 
| 238|0x00000000aee00000, 0x00000000aef00000, 0x00000000aef00000|100%| E|CS|TAMS 0x00000000aee00000, 0x00000000aee00000| Complete 
| 239|0x00000000aef00000, 0x00000000af000000, 0x00000000af000000|100%| E|CS|TAMS 0x00000000aef00000, 0x00000000aef00000| Complete 
| 240|0x00000000af000000, 0x00000000af100000, 0x00000000af100000|100%| E|CS|TAMS 0x00000000af000000, 0x00000000af000000| Complete 

Card table byte_map: [0x000001441beb0000,0x000001441c1b0000] _byte_map_base: 0x000001441b9b0000

Marking Bits (Prev, Next): (CMBitMap*) 0x0000014408db5780, (CMBitMap*) 0x0000014408db5748
 Prev Bits: [0x000001441dcb0000, 0x000001441f4b0000)
 Next Bits: [0x000001441c4b0000, 0x000001441dcb0000)

Polling page: 0x0000014406d70000

Metaspace:

Usage:
  Non-class:     73.19 MB capacity,    70.83 MB ( 97%) used,     2.14 MB (  3%) free+waste,   229.00 KB ( <1%) overhead. 
      Class:     11.79 MB capacity,    10.66 MB ( 90%) used,     1.02 MB (  9%) free+waste,   108.75 KB ( <1%) overhead. 
       Both:     84.98 MB capacity,    81.49 MB ( 96%) used,     3.16 MB (  4%) free+waste,   337.75 KB ( <1%) overhead. 

Virtual space:
  Non-class space:       74.00 MB reserved,      73.25 MB ( 99%) committed 
      Class space:        1.00 GB reserved,      11.88 MB (  1%) committed 
             Both:        1.07 GB reserved,      85.13 MB (  8%) committed 

Chunk freelists:
   Non-Class:  0 bytes
       Class:  0 bytes
        Both:  0 bytes

MaxMetaspaceSize: 17179869184.00 GB
CompressedClassSpaceSize: 1.00 GB
Initial GC threshold: 20.80 MB
Current GC threshold: 137.71 MB
CDS: off

CodeHeap 'non-profiled nmethods': size=120000Kb used=7769Kb max_used=7769Kb free=112230Kb
 bounds [0x0000014414350000, 0x0000014414af0000, 0x000001441b880000]
CodeHeap 'profiled nmethods': size=120000Kb used=24577Kb max_used=24577Kb free=95422Kb
 bounds [0x000001440ce20000, 0x000001440e630000, 0x0000014414350000]
CodeHeap 'non-nmethods': size=5760Kb used=2357Kb max_used=2421Kb free=3402Kb
 bounds [0x000001440c880000, 0x000001440caf0000, 0x000001440ce20000]
 total_blobs=12120 nmethods=11257 adapters=774
 compilation: enabled
              stopped_count=0, restarted_count=0
 full_count=0

Compilation events (20 events):
Event: 78.790 Thread 0x0000014422791800 nmethod 11369 0x0000014414ae6010 code [0x0000014414ae61c0, 0x0000014414ae62c8]
Event: 80.763 Thread 0x0000014422794800 11370       3       org.gradle.internal.logging.text.AbstractLineChoppingStyledTextOutput$1::execute (9 bytes)
Event: 80.764 Thread 0x0000014422794800 nmethod 11370 0x000001440e61c110 code [0x000001440e61c2e0, 0x000001440e61c4e8]
Event: 80.764 Thread 0x0000014422794800 11373       3       org.gradle.internal.logging.text.AbstractLineChoppingStyledTextOutput$1::execute (130 bytes)
Event: 80.764 Thread 0x0000014422791800 11375       4       org.gradle.internal.io.StreamByteBuffer::allocateSpace (73 bytes)
Event: 80.765 Thread 0x0000014422794800 nmethod 11373 0x000001440e61c590 code [0x000001440e61c860, 0x000001440e61d4b8]
Event: 80.766 Thread 0x0000014422794800 11376       3       org.gradle.internal.logging.text.AbstractLineChoppingStyledTextOutput::doAppend (43 bytes)
Event: 80.766 Thread 0x0000014422791800 nmethod 11375 0x0000014414ae6410 code [0x0000014414ae65a0, 0x0000014414ae6638]
Event: 80.766 Thread 0x0000014422794800 nmethod 11376 0x000001440e61d990 code [0x000001440e61db80, 0x000001440e61dfa8]
Event: 80.766 Thread 0x0000014422794800 11374       3       org.gradle.internal.logging.text.AbstractLineChoppingStyledTextOutput$2::execute (9 bytes)
Event: 80.766 Thread 0x0000014422794800 nmethod 11374 0x000001440e61e110 code [0x000001440e61e2e0, 0x000001440e61e4e8]
Event: 80.766 Thread 0x0000014422794800 11371       3       org.gradle.internal.io.LinePerThreadBufferingOutputStream::getStream (44 bytes)
Event: 80.766 Thread 0x0000014422794800 nmethod 11371 0x000001440e61e590 code [0x000001440e61e7c0, 0x000001440e61eef8]
Event: 80.766 Thread 0x0000014422794800 11372       3       java.io.FilterOutputStream::write (9 bytes)
Event: 80.767 Thread 0x0000014422794800 nmethod 11372 0x000001440e61f190 code [0x000001440e61f340, 0x000001440e61f508]
Event: 80.767 Thread 0x0000014422794800 11377       3       org.gradle.internal.io.LinePerThreadBufferingOutputStream::write (9 bytes)
Event: 80.767 Thread 0x0000014422794800 nmethod 11377 0x000001440e61f610 code [0x000001440e61f7e0, 0x000001440e61f9d8]
Event: 80.776 Thread 0x0000014422794800 11378   !   3       java.io.PrintStream::write (66 bytes)
Event: 80.777 Thread 0x0000014422794800 nmethod 11378 0x000001440e61fb10 code [0x000001440e61fd40, 0x000001440e620498]
Event: 80.777 Thread 0x0000014422794800 11379   !   3       sun.nio.cs.DoubleByte$Encoder::encodeArrayLoop (409 bytes)

GC Heap History (20 events):
Event: 69.753 GC heap before
{Heap before GC invocations=86 (full 0):
 garbage-first heap   total 139264K, used 134308K [0x00000000a0000000, 0x0000000100000000)
  region size 1024K, 6 young (6144K), 1 survivors (1024K)
 Metaspace       used 79137K, capacity 82445K, committed 82560K, reserved 1120256K
  class space    used 10306K, capacity 11351K, committed 11392K, reserved 1048576K
}
Event: 69.757 GC heap after
{Heap after GC invocations=87 (full 0):
 garbage-first heap   total 139264K, used 129634K [0x00000000a0000000, 0x0000000100000000)
  region size 1024K, 1 young (1024K), 1 survivors (1024K)
 Metaspace       used 79137K, capacity 82445K, committed 82560K, reserved 1120256K
  class space    used 10306K, capacity 11351K, committed 11392K, reserved 1048576K
}
Event: 69.944 GC heap before
{Heap before GC invocations=87 (full 0):
 garbage-first heap   total 139264K, used 134754K [0x00000000a0000000, 0x0000000100000000)
  region size 1024K, 6 young (6144K), 1 survivors (1024K)
 Metaspace       used 79611K, capacity 82893K, committed 83200K, reserved 1120256K
  class space    used 10371K, capacity 11415K, committed 11520K, reserved 1048576K
}
Event: 69.948 GC heap after
{Heap after GC invocations=88 (full 0):
 garbage-first heap   total 139264K, used 129918K [0x00000000a0000000, 0x0000000100000000)
  region size 1024K, 1 young (1024K), 1 survivors (1024K)
 Metaspace       used 79611K, capacity 82893K, committed 83200K, reserved 1120256K
  class space    used 10371K, capacity 11415K, committed 11520K, reserved 1048576K
}
Event: 70.102 GC heap before
{Heap before GC invocations=89 (full 0):
 garbage-first heap   total 139264K, used 134014K [0x00000000a0000000, 0x0000000100000000)
  region size 1024K, 6 young (6144K), 1 survivors (1024K)
 Metaspace       used 79957K, capacity 83278K, committed 83456K, reserved 1122304K
  class space    used 10428K, capacity 11479K, committed 11520K, reserved 1048576K
}
Event: 70.106 GC heap after
{Heap after GC invocations=90 (full 0):
 garbage-first heap   total 139264K, used 130356K [0x00000000a0000000, 0x0000000100000000)
  region size 1024K, 1 young (1024K), 1 survivors (1024K)
 Metaspace       used 79957K, capacity 83278K, committed 83456K, reserved 1122304K
  class space    used 10428K, capacity 11479K, committed 11520K, reserved 1048576K
}
Event: 70.203 GC heap before
{Heap before GC invocations=90 (full 0):
 garbage-first heap   total 139264K, used 135476K [0x00000000a0000000, 0x0000000100000000)
  region size 1024K, 6 young (6144K), 1 survivors (1024K)
 Metaspace       used 80250K, capacity 83565K, committed 83712K, reserved 1122304K
  class space    used 10457K, capacity 11487K, committed 11520K, reserved 1048576K
}
Event: 70.208 GC heap after
{Heap after GC invocations=91 (full 0):
 garbage-first heap   total 173056K, used 131180K [0x00000000a0000000, 0x0000000100000000)
  region size 1024K, 1 young (1024K), 1 survivors (1024K)
 Metaspace       used 80250K, capacity 83565K, committed 83712K, reserved 1122304K
  class space    used 10457K, capacity 11487K, committed 11520K, reserved 1048576K
}
Event: 70.548 GC heap before
{Heap before GC invocations=92 (full 0):
 garbage-first heap   total 173056K, used 142444K [0x00000000a0000000, 0x0000000100000000)
  region size 1024K, 12 young (12288K), 1 survivors (1024K)
 Metaspace       used 80747K, capacity 84064K, committed 84352K, reserved 1122304K
  class space    used 10520K, capacity 11561K, committed 11648K, reserved 1048576K
}
Event: 70.557 GC heap after
{Heap after GC invocations=93 (full 0):
 garbage-first heap   total 173056K, used 132733K [0x00000000a0000000, 0x0000000100000000)
  region size 1024K, 2 young (2048K), 2 survivors (2048K)
 Metaspace       used 80747K, capacity 84064K, committed 84352K, reserved 1122304K
  class space    used 10520K, capacity 11561K, committed 11648K, reserved 1048576K
}
Event: 70.874 GC heap before
{Heap before GC invocations=93 (full 0):
 garbage-first heap   total 173056K, used 143997K [0x00000000a0000000, 0x0000000100000000)
  region size 1024K, 13 young (13312K), 2 survivors (2048K)
 Metaspace       used 81029K, capacity 84397K, committed 84608K, reserved 1122304K
  class space    used 10550K, capacity 11589K, committed 11648K, reserved 1048576K
}
Event: 70.885 GC heap after
{Heap after GC invocations=94 (full 0):
 garbage-first heap   total 173056K, used 135528K [0x00000000a0000000, 0x0000000100000000)
  region size 1024K, 2 young (2048K), 2 survivors (2048K)
 Metaspace       used 81029K, capacity 84397K, committed 84608K, reserved 1122304K
  class space    used 10550K, capacity 11589K, committed 11648K, reserved 1048576K
}
Event: 71.128 GC heap before
{Heap before GC invocations=94 (full 0):
 garbage-first heap   total 173056K, used 144744K [0x00000000a0000000, 0x0000000100000000)
  region size 1024K, 12 young (12288K), 2 survivors (2048K)
 Metaspace       used 81159K, capacity 84583K, committed 84608K, reserved 1122304K
  class space    used 10567K, capacity 11626K, committed 11648K, reserved 1048576K
}
Event: 71.138 GC heap after
{Heap after GC invocations=95 (full 0):
 garbage-first heap   total 173056K, used 138567K [0x00000000a0000000, 0x0000000100000000)
  region size 1024K, 2 young (2048K), 2 survivors (2048K)
 Metaspace       used 81159K, capacity 84583K, committed 84608K, reserved 1122304K
  class space    used 10567K, capacity 11626K, committed 11648K, reserved 1048576K
}
Event: 71.254 GC heap before
{Heap before GC invocations=96 (full 0):
 garbage-first heap   total 173056K, used 146759K [0x00000000a0000000, 0x0000000100000000)
  region size 1024K, 10 young (10240K), 2 survivors (2048K)
 Metaspace       used 81298K, capacity 84723K, committed 84864K, reserved 1122304K
  class space    used 10578K, capacity 11628K, committed 11648K, reserved 1048576K
}
Event: 71.265 GC heap after
{Heap after GC invocations=97 (full 0):
 garbage-first heap   total 246784K, used 141015K [0x00000000a0000000, 0x0000000100000000)
  region size 1024K, 2 young (2048K), 2 survivors (2048K)
 Metaspace       used 81298K, capacity 84723K, committed 84864K, reserved 1122304K
  class space    used 10578K, capacity 11628K, committed 11648K, reserved 1048576K
}
Event: 71.972 GC heap before
{Heap before GC invocations=97 (full 0):
 garbage-first heap   total 246784K, used 170711K [0x00000000a0000000, 0x0000000100000000)
  region size 1024K, 31 young (31744K), 2 survivors (2048K)
 Metaspace       used 82358K, capacity 85834K, committed 86144K, reserved 1124352K
  class space    used 10724K, capacity 11799K, committed 11904K, reserved 1048576K
}
Event: 71.982 GC heap after
{Heap after GC invocations=98 (full 0):
 garbage-first heap   total 246784K, used 144738K [0x00000000a0000000, 0x0000000100000000)
  region size 1024K, 4 young (4096K), 4 survivors (4096K)
 Metaspace       used 82358K, capacity 85834K, committed 86144K, reserved 1124352K
  class space    used 10724K, capacity 11799K, committed 11904K, reserved 1048576K
}
Event: 73.900 GC heap before
{Heap before GC invocations=98 (full 0):
 garbage-first heap   total 246784K, used 175458K [0x00000000a0000000, 0x0000000100000000)
  region size 1024K, 34 young (34816K), 4 survivors (4096K)
 Metaspace       used 82879K, capacity 86394K, committed 86528K, reserved 1124352K
  class space    used 10814K, capacity 11923K, committed 12032K, reserved 1048576K
}
Event: 73.907 GC heap after
{Heap after GC invocations=99 (full 0):
 garbage-first heap   total 246784K, used 147885K [0x00000000a0000000, 0x0000000100000000)
  region size 1024K, 5 young (5120K), 5 survivors (5120K)
 Metaspace       used 82879K, capacity 86394K, committed 86528K, reserved 1124352K
  class space    used 10814K, capacity 11923K, committed 12032K, reserved 1048576K
}

Deoptimization events (20 events):
Event: 74.281 Thread 0x0000014422902000 DEOPT PACKING pc=0x0000014414ac2ba0 sp=0x000000377f9f7480
Event: 74.281 Thread 0x0000014422902000 DEOPT UNPACKING pc=0x000001440c8ca1af sp=0x000000377f9f7490 mode 2
Event: 74.284 Thread 0x0000014422902000 Uncommon trap: trap_request=0xffffff4d fr.pc=0x0000014414a7e0e0 relative=0x00000000000007e0
Event: 74.284 Thread 0x0000014422902000 Uncommon trap: reason=unstable_if action=reinterpret pc=0x0000014414a7e0e0 method=org.gradle.internal.snapshot.VfsRelativePath.lengthOfCommonPrefix(Ljava/lang/String;Lorg/gradle/internal/snapshot/CaseSensitivity;)I @ 107 c2
Event: 74.284 Thread 0x0000014422902000 DEOPT PACKING pc=0x0000014414a7e0e0 sp=0x000000377f9f76f0
Event: 74.284 Thread 0x0000014422902000 DEOPT UNPACKING pc=0x000001440c8ca1af sp=0x000000377f9f7690 mode 2
Event: 74.306 Thread 0x0000014422902000 DEOPT PACKING pc=0x000001440e2cd414 sp=0x000000377f9f7db0
Event: 74.306 Thread 0x0000014422902000 DEOPT UNPACKING pc=0x000001440c8ca95e sp=0x000000377f9f7170 mode 0
Event: 75.429 Thread 0x000001442af04800 Uncommon trap: trap_request=0xffffff4d fr.pc=0x000001441496c590 relative=0x0000000000000f30
Event: 75.429 Thread 0x000001442af04800 Uncommon trap: reason=unstable_if action=reinterpret pc=0x000001441496c590 method=org.gradle.internal.logging.text.AbstractLineChoppingStyledTextOutput$2.execute(Lorg/gradle/internal/logging/text/AbstractLineChoppingStyledTextOutput$StateContext;)V @ 30 c
Event: 75.429 Thread 0x000001442af04800 DEOPT PACKING pc=0x000001441496c590 sp=0x000000370aafdcc0
Event: 75.429 Thread 0x000001442af04800 DEOPT UNPACKING pc=0x000001440c8ca1af sp=0x000000370aafdb08 mode 2
Event: 80.759 Thread 0x000001442af04800 Uncommon trap: trap_request=0xffffff4d fr.pc=0x0000014414968594 relative=0x0000000000000414
Event: 80.759 Thread 0x000001442af04800 Uncommon trap: reason=unstable_if action=reinterpret pc=0x0000014414968594 method=org.gradle.internal.logging.text.AbstractLineChoppingStyledTextOutput$2.execute(Lorg/gradle/internal/logging/text/AbstractLineChoppingStyledTextOutput$StateContext;)V @ 30 c
Event: 80.759 Thread 0x000001442af04800 DEOPT PACKING pc=0x0000014414968594 sp=0x000000370aafdc60
Event: 80.759 Thread 0x000001442af04800 DEOPT UNPACKING pc=0x000001440c8ca1af sp=0x000000370aafdaf8 mode 2
Event: 80.763 Thread 0x000001442af04800 Uncommon trap: trap_request=0xffffff4d fr.pc=0x000001441496ace4 relative=0x0000000000000404
Event: 80.763 Thread 0x000001442af04800 Uncommon trap: reason=unstable_if action=reinterpret pc=0x000001441496ace4 method=org.gradle.internal.logging.text.AbstractLineChoppingStyledTextOutput$2.execute(Lorg/gradle/internal/logging/text/AbstractLineChoppingStyledTextOutput$StateContext;)V @ 30 c
Event: 80.763 Thread 0x000001442af04800 DEOPT PACKING pc=0x000001441496ace4 sp=0x000000370aafdbf0
Event: 80.763 Thread 0x000001442af04800 DEOPT UNPACKING pc=0x000001440c8ca1af sp=0x000000370aafdaf0 mode 2

Classes redefined (0 events):
No events

Internal exceptions (20 events):
Event: 74.287 Thread 0x0000014422902000 Exception <a 'java/lang/NoSuchMethodError'{0x00000000ae423950}: 'void java.lang.invoke.DirectMethodHandle$Holder.invokeVirtual(java.lang.Object, java.lang.Object)'> (0x00000000ae423950) thrown at [./src/hotspot/share/interpreter/linkResolver.cpp, line 773]
Event: 74.326 Thread 0x0000014422902000 Exception <a 'java/lang/ClassNotFoundException'{0x00000000ae3df950}: org/gradle/process/internal/DefaultExecAction_DecoratedBeanInfo> (0x00000000ae3df950) thrown at [./src/hotspot/share/classfile/systemDictionary.cpp, line 231]
Event: 74.327 Thread 0x0000014422902000 Exception <a 'java/lang/ClassNotFoundException'{0x00000000ae20d2a0}: org/gradle/process/internal/DefaultExecActionBeanInfo> (0x00000000ae20d2a0) thrown at [./src/hotspot/share/classfile/systemDictionary.cpp, line 231]
Event: 74.329 Thread 0x0000014422902000 Exception <a 'java/lang/ClassNotFoundException'{0x00000000ae23c688}: org/gradle/process/internal/DefaultExecHandleBuilderBeanInfo> (0x00000000ae23c688) thrown at [./src/hotspot/share/classfile/systemDictionary.cpp, line 231]
Event: 74.330 Thread 0x0000014422902000 Exception <a 'java/lang/ClassNotFoundException'{0x00000000ae26bb20}: org/gradle/process/internal/AbstractExecHandleBuilderBeanInfo> (0x00000000ae26bb20) thrown at [./src/hotspot/share/classfile/systemDictionary.cpp, line 231]
Event: 74.331 Thread 0x0000014422902000 Exception <a 'java/lang/ClassNotFoundException'{0x00000000ae29b208}: org/gradle/process/internal/DefaultProcessForkOptionsBeanInfo> (0x00000000ae29b208) thrown at [./src/hotspot/share/classfile/systemDictionary.cpp, line 231]
Event: 74.332 Thread 0x0000014422902000 Exception <a 'java/lang/ClassNotFoundException'{0x00000000ae2ca8e0}: org/gradle/process/internal/DefaultProcessForkOptionsCustomizer> (0x00000000ae2ca8e0) thrown at [./src/hotspot/share/classfile/systemDictionary.cpp, line 231]
Event: 74.335 Thread 0x0000014422902000 Exception <a 'java/lang/ClassNotFoundException'{0x00000000ae1067a8}: org/gradle/process/internal/AbstractExecHandleBuilderCustomizer> (0x00000000ae1067a8) thrown at [./src/hotspot/share/classfile/systemDictionary.cpp, line 231]
Event: 74.337 Thread 0x0000014422902000 Exception <a 'java/lang/ClassNotFoundException'{0x00000000ae1478f8}: org/gradle/process/internal/DefaultExecHandleBuilderCustomizer> (0x00000000ae1478f8) thrown at [./src/hotspot/share/classfile/systemDictionary.cpp, line 231]
Event: 74.340 Thread 0x0000014422902000 Exception <a 'java/lang/ClassNotFoundException'{0x00000000ae1a1008}: org/gradle/process/internal/DefaultExecActionCustomizer> (0x00000000ae1a1008) thrown at [./src/hotspot/share/classfile/systemDictionary.cpp, line 231]
Event: 74.341 Thread 0x0000014422902000 Exception <a 'java/lang/ClassNotFoundException'{0x00000000ae1da588}: org/gradle/process/internal/DefaultExecAction_DecoratedCustomizer> (0x00000000ae1da588) thrown at [./src/hotspot/share/classfile/systemDictionary.cpp, line 231]
Event: 74.346 Thread 0x0000014422902000 Exception <a 'java/lang/ClassNotFoundException'{0x00000000ae02d608}: org/gradle/api/logging/LogLevelBeanInfo> (0x00000000ae02d608) thrown at [./src/hotspot/share/classfile/systemDictionary.cpp, line 231]
Event: 74.348 Thread 0x0000014422902000 Exception <a 'java/lang/ClassNotFoundException'{0x00000000ae055720}: org/gradle/api/logging/LogLevelCustomizer> (0x00000000ae055720) thrown at [./src/hotspot/share/classfile/systemDictionary.cpp, line 231]
Event: 74.351 Thread 0x0000014422902000 Exception <a 'java/lang/ClassNotFoundException'{0x00000000ae0bb640}: org/gradle/internal/logging/compatbridge/LoggingManagerInternalCompatibilityBridgeBeanInfo> (0x00000000ae0bb640) thrown at [./src/hotspot/share/classfile/systemDictionary.cpp, line 231]
Event: 74.353 Thread 0x0000014422902000 Exception <a 'java/lang/ClassNotFoundException'{0x00000000ae0f3600}: org/gradle/internal/logging/compatbridge/LoggingManagerInternalCompatibilityBridgeCustomizer> (0x00000000ae0f3600) thrown at [./src/hotspot/share/classfile/systemDictionary.cpp, line 231]
Event: 74.418 Thread 0x000001442af09800 Exception <a 'java/lang/NoSuchMethodError'{0x00000000adf8d498}: 'void java.lang.invoke.DirectMethodHandle$Holder.invokeStatic(java.lang.Object, long)'> (0x00000000adf8d498) thrown at [./src/hotspot/share/interpreter/linkResolver.cpp, line 773]
Event: 74.418 Thread 0x000001442af09800 Exception <a 'java/lang/NoSuchMethodError'{0x00000000adf92968}: 'java.lang.Object java.lang.invoke.DirectMethodHandle$Holder.invokeStatic(java.lang.Object, long)'> (0x00000000adf92968) thrown at [./src/hotspot/share/interpreter/linkResolver.cpp, line 773]
Event: 74.422 Thread 0x000001442af09800 Exception <a 'java/lang/NoSuchMethodError'{0x00000000adfa0c40}: 'java.lang.Object java.lang.invoke.DirectMethodHandle$Holder.invokeStaticInit(java.lang.Object, java.lang.Object, long, java.lang.Object)'> (0x00000000adfa0c40) thrown at [./src/hotspot/share/interpreter/linkResolver.cpp, line 773]
Event: 74.423 Thread 0x000001442af09800 Exception <a 'java/lang/NoSuchMethodError'{0x00000000adfa6b30}: 'java.lang.Object java.lang.invoke.DirectMethodHandle$Holder.invokeStatic(java.lang.Object, java.lang.Object, long)'> (0x00000000adfa6b30) thrown at [./src/hotspot/share/interpreter/linkResolver.cpp, line 773]
Event: 74.423 Thread 0x000001442af09800 Exception <a 'java/lang/NoSuchMethodError'{0x00000000adface00}: 'java.lang.Object java.lang.invoke.Invokers$Holder.linkToTargetMethod(java.lang.Object, long, java.lang.Object)'> (0x00000000adface00) thrown at [./src/hotspot/share/interpreter/linkResolver.cpp, line 773]

Events (20 events):
Event: 74.375 loading class net/rubygrapefruit/platform/internal/jni/WindowsHandleFunctions done
Event: 74.376 Executing VM operation: RevokeBias
Event: 74.376 Executing VM operation: RevokeBias done
Event: 74.376 Executing VM operation: RevokeBias
Event: 74.377 Executing VM operation: RevokeBias done
Event: 74.377 loading class java/lang/ProcessImpl
Event: 74.379 loading class java/lang/ProcessImpl done
Event: 74.419 loading class java/lang/ProcessHandleImpl
Event: 74.420 loading class java/lang/ProcessHandleImpl done
Event: 74.423 loading class java/lang/ProcessImpl$2
Event: 74.424 loading class java/lang/ProcessImpl$2 done
Event: 74.424 loading class java/lang/Process$PipeInputStream
Event: 74.424 loading class java/lang/Process$PipeInputStream done
Event: 74.424 Executing VM operation: Deoptimize
Event: 74.426 Executing VM operation: Deoptimize done
Event: 74.426 loading class org/gradle/process/internal/streams/ExecOutputHandleRunner
Event: 74.426 loading class org/gradle/process/internal/streams/ExecOutputHandleRunner done
Event: 74.429 Thread 0x000001442af04800 Thread added: 0x000001442af04800
Event: 74.429 Thread 0x000001442af0c000 Thread added: 0x000001442af0c000
Event: 76.368 Thread 0x000001442aefb800 Thread exited: 0x000001442aefb800


Dynamic libraries:
0x00007ff750cb0000 - 0x00007ff750cba000 	D:\android studio\jre\bin\java.exe
0x00007ffb2b2b0000 - 0x00007ffb2b4c4000 	C:\WINDOWS\SYSTEM32\ntdll.dll
0x00007ffb2ad70000 - 0x00007ffb2ae33000 	C:\WINDOWS\System32\KERNEL32.DLL
0x00007ffb28a50000 - 0x00007ffb28dec000 	C:\WINDOWS\System32\KERNELBASE.dll
0x00007ffb28f20000 - 0x00007ffb29031000 	C:\WINDOWS\System32\ucrtbase.dll
0x00007ffb22cb0000 - 0x00007ffb22cc9000 	D:\android studio\jre\bin\jli.dll
0x00007ffb22cd0000 - 0x00007ffb22ce7000 	D:\android studio\jre\bin\VCRUNTIME140.dll
0x00007ffb2a650000 - 0x00007ffb2a7fd000 	C:\WINDOWS\System32\USER32.dll
0x00007ffb133b0000 - 0x00007ffb1363e000 	C:\WINDOWS\WinSxS\amd64_microsoft.windows.common-controls_6595b64144ccf1df_6.0.22621.608_none_a9444ca7c10bb01d\COMCTL32.dll
0x00007ffb28810000 - 0x00007ffb28836000 	C:\WINDOWS\System32\win32u.dll
0x00007ffb2a2b0000 - 0x00007ffb2a357000 	C:\WINDOWS\System32\msvcrt.dll
0x00007ffb29ef0000 - 0x00007ffb29f19000 	C:\WINDOWS\System32\GDI32.dll
0x00007ffb286f0000 - 0x00007ffb28803000 	C:\WINDOWS\System32\gdi32full.dll
0x00007ffb289b0000 - 0x00007ffb28a4a000 	C:\WINDOWS\System32\msvcp_win.dll
0x00007ffb2ac30000 - 0x00007ffb2ac61000 	C:\WINDOWS\System32\IMM32.DLL
0x00007ffb22300000 - 0x00007ffb2239d000 	D:\android studio\jre\bin\msvcp140.dll
0x00007ffaf0f60000 - 0x00007ffaf1a45000 	D:\android studio\jre\bin\server\jvm.dll
0x00007ffb2afc0000 - 0x00007ffb2b06e000 	C:\WINDOWS\System32\ADVAPI32.dll
0x00007ffb29550000 - 0x00007ffb295f4000 	C:\WINDOWS\System32\sechost.dll
0x00007ffb2a9f0000 - 0x00007ffb2ab05000 	C:\WINDOWS\System32\RPCRT4.dll
0x00007ffb2afb0000 - 0x00007ffb2afb8000 	C:\WINDOWS\System32\PSAPI.DLL
0x00007ffb214e0000 - 0x00007ffb21514000 	C:\WINDOWS\SYSTEM32\WINMM.dll
0x00007ffb1f7f0000 - 0x00007ffb1f7fa000 	C:\WINDOWS\SYSTEM32\VERSION.dll
0x00007ffb15f00000 - 0x00007ffb15f09000 	C:\WINDOWS\SYSTEM32\WSOCK32.dll
0x00007ffb29e70000 - 0x00007ffb29ee1000 	C:\WINDOWS\System32\WS2_32.dll
0x00007ffb27710000 - 0x00007ffb27728000 	C:\WINDOWS\SYSTEM32\kernel.appcore.dll
0x00007ffb22730000 - 0x00007ffb22741000 	D:\android studio\jre\bin\verify.dll
0x00007ffb260e0000 - 0x00007ffb2630e000 	C:\WINDOWS\SYSTEM32\DBGHELP.DLL
0x00007ffb29f20000 - 0x00007ffb2a2a9000 	C:\WINDOWS\System32\combase.dll
0x00007ffb2a900000 - 0x00007ffb2a9d7000 	C:\WINDOWS\System32\OLEAUT32.dll
0x00007ffb13300000 - 0x00007ffb13332000 	C:\WINDOWS\SYSTEM32\dbgcore.DLL
0x00007ffb29040000 - 0x00007ffb290bb000 	C:\WINDOWS\System32\bcryptPrimitives.dll
0x00007ffb222d0000 - 0x00007ffb222f9000 	D:\android studio\jre\bin\java.dll
0x00007ffb24760000 - 0x00007ffb2476b000 	D:\android studio\jre\bin\jimage.dll
0x00007ffb222b0000 - 0x00007ffb222c8000 	D:\android studio\jre\bin\zip.dll
0x00007ffb29680000 - 0x00007ffb29e70000 	C:\WINDOWS\System32\SHELL32.dll
0x00007ffb26680000 - 0x00007ffb26f4e000 	C:\WINDOWS\SYSTEM32\windows.storage.dll
0x00007ffb26540000 - 0x00007ffb2667e000 	C:\WINDOWS\SYSTEM32\wintypes.dll
0x00007ffb2ac70000 - 0x00007ffb2ad61000 	C:\WINDOWS\System32\SHCORE.dll
0x00007ffb2ae40000 - 0x00007ffb2ae9e000 	C:\WINDOWS\System32\shlwapi.dll
0x00007ffb28620000 - 0x00007ffb28641000 	C:\WINDOWS\SYSTEM32\profapi.dll
0x00007ffb220c0000 - 0x00007ffb220da000 	D:\android studio\jre\bin\net.dll
0x00007ffb20c40000 - 0x00007ffb20d6f000 	C:\WINDOWS\SYSTEM32\WINHTTP.dll
0x00007ffb27b90000 - 0x00007ffb27bf9000 	C:\WINDOWS\system32\mswsock.dll
0x00007ffb22050000 - 0x00007ffb22064000 	D:\android studio\jre\bin\nio.dll
0x00007ffb18b50000 - 0x00007ffb18b76000 	C:\Users\Rod\.gradle\native\fdc75f09e3144964f2cf3f50f0aa648679c211496f362492102eb8c894070792\windows-amd64\native-platform.dll
0x00007ffb0c530000 - 0x00007ffb0c6c1000 	C:\Users\Rod\.gradle\native\12488b8bf47d2d4c9fbf2f6322a914ad602e24e48041cd04a747c6da556b65c4\windows-amd64\native-platform-file-events.dll
0x00007ffb22ca0000 - 0x00007ffb22caa000 	D:\android studio\jre\bin\management.dll
0x00007ffb22720000 - 0x00007ffb2272d000 	D:\android studio\jre\bin\management_ext.dll
0x00007ffb27e10000 - 0x00007ffb27e2b000 	C:\WINDOWS\SYSTEM32\CRYPTSP.dll
0x00007ffb27680000 - 0x00007ffb276b5000 	C:\WINDOWS\system32\rsaenh.dll
0x00007ffb27cb0000 - 0x00007ffb27cd8000 	C:\WINDOWS\SYSTEM32\USERENV.dll
0x00007ffb27fd0000 - 0x00007ffb27ff8000 	C:\WINDOWS\SYSTEM32\bcrypt.dll
0x00007ffb27e30000 - 0x00007ffb27e3c000 	C:\WINDOWS\SYSTEM32\CRYPTBASE.dll
0x00007ffb271a0000 - 0x00007ffb271cd000 	C:\WINDOWS\SYSTEM32\IPHLPAPI.DLL
0x00007ffb29540000 - 0x00007ffb29549000 	C:\WINDOWS\System32\NSI.dll
0x00007ffb20890000 - 0x00007ffb208a9000 	C:\WINDOWS\SYSTEM32\dhcpcsvc6.DLL
0x00007ffb20850000 - 0x00007ffb2086f000 	C:\WINDOWS\SYSTEM32\dhcpcsvc.DLL
0x00007ffb27210000 - 0x00007ffb27303000 	C:\WINDOWS\SYSTEM32\DNSAPI.dll
0x00007ffb25730000 - 0x00007ffb2573d000 	C:\WINDOWS\SYSTEM32\WINNSI.DLL

dbghelp: loaded successfully - version: 4.0.5 - missing functions: none
symbol engine: initialized successfully - sym options: 0x614 - pdb path: .;D:\android studio\jre\bin;C:\WINDOWS\SYSTEM32;C:\WINDOWS\WinSxS\amd64_microsoft.windows.common-controls_6595b64144ccf1df_6.0.22621.608_none_a9444ca7c10bb01d;D:\android studio\jre\bin\server;C:\Users\Rod\.gradle\native\fdc75f09e3144964f2cf3f50f0aa648679c211496f362492102eb8c894070792\windows-amd64;C:\Users\Rod\.gradle\native\12488b8bf47d2d4c9fbf2f6322a914ad602e24e48041cd04a747c6da556b65c4\windows-amd64

VM Arguments:
jvm_args: --add-opens=java.base/java.util=ALL-UNNAMED --add-opens=java.base/java.lang=ALL-UNNAMED --add-opens=java.base/java.lang.invoke=ALL-UNNAMED --add-opens=java.prefs/java.util.prefs=ALL-UNNAMED -Xmx1536M -Dfile.encoding=GBK -Duser.country=CN -Duser.language=zh -Duser.variant 
java_command: org.gradle.launcher.daemon.bootstrap.GradleDaemon 6.7
java_class_path (initial): C:\Users\Rod\.gradle\wrapper\dists\gradle-6.7-all\cuy9mc7upwgwgeb72wkcrupxe\gradle-6.7\lib\gradle-launcher-6.7.jar
Launcher Type: SUN_STANDARD

[Global flags]
     intx CICompilerCount                          = 4                                         {product} {ergonomic}
     uint ConcGCThreads                            = 2                                         {product} {ergonomic}
     uint G1ConcRefinementThreads                  = 8                                         {product} {ergonomic}
   size_t G1HeapRegionSize                         = 1048576                                   {product} {ergonomic}
    uintx GCDrainStackTargetSize                   = 64                                        {product} {ergonomic}
   size_t InitialHeapSize                          = 117440512                                 {product} {ergonomic}
   size_t MarkStackSize                            = 4194304                                   {product} {ergonomic}
   size_t MaxHeapSize                              = 1610612736                                {product} {command line}
   size_t MaxNewSize                               = 965738496                                 {product} {ergonomic}
   size_t MinHeapDeltaBytes                        = 1048576                                   {product} {ergonomic}
    uintx NonNMethodCodeHeapSize                   = 5836300                                {pd product} {ergonomic}
    uintx NonProfiledCodeHeapSize                  = 122910970                              {pd product} {ergonomic}
    uintx ProfiledCodeHeapSize                     = 122910970                              {pd product} {ergonomic}
    uintx ReservedCodeCacheSize                    = 251658240                              {pd product} {ergonomic}
     bool SegmentedCodeCache                       = true                                      {product} {ergonomic}
     bool UseCompressedClassPointers               = true                                 {lp64_product} {ergonomic}
     bool UseCompressedOops                        = true                                 {lp64_product} {ergonomic}
     bool UseG1GC                                  = true                                      {product} {ergonomic}
     bool UseLargePagesIndividualAllocation        = false                                  {pd product} {ergonomic}

Logging:
Log output configuration:
 #0: stdout all=warning uptime,level,tags
 #1: stderr all=off uptime,level,tags

Environment Variables:
JAVA_HOME=D:\android studio\jre
CLASSPATH=D:\Haber\haber\android\\gradle\wrapper\gradle-wrapper.jar
PATH=C:\新建文件夹\bin\;C:\WINDOWS\system32;C:\WINDOWS;C:\WINDOWS\System32\Wbem;C:\WINDOWS\System32\WindowsPowerShell\v1.0\;C:\WINDOWS\System32\OpenSSH\;C:\Program Files\Intel\WiFi\bin\;C:\Program Files\Common Files\Intel\WirelessCommon\;D:\flutter\bin;D:\Git\bin;C:\ProgramData\chocolatey\bin;D:\AWS\;D:\mysys64\mingw64\bin;C:\Program Files\MongoDB\Server\6.0\bin;C:\Program Files\CMake\bin;D:\nodejs\;C:\Program Files\Docker\Docker\resources\bin;C:\Users\Rod\AppData\Local\Microsoft\WindowsApps;;D:\Microsoft VS Code\bin;C:\Users\Rod\AppData\Roaming\npm;D:\flutter\bin\mingit\cmd
USERNAME=roger
OS=Windows_NT
PROCESSOR_IDENTIFIER=AMD64 Family 23 Model 24 Stepping 1, AuthenticAMD



---------------  S Y S T E M  ---------------

OS: Windows 10 , 64 bit Build 22621 (10.0.22621.1344)
OS uptime: 0 days 4:28 hours
Hyper-V role detected

CPU:total 8 (initial active 8) (8 cores per cpu, 2 threads per core) family 23 model 24 stepping 1 microcode 0x0, cmov, cx8, fxsr, mmx, sse, sse2, sse3, ssse3, sse4.1, sse4.2, popcnt, avx, avx2, aes, clmul, mmxext, 3dnowpref, lzcnt, sse4a, ht, tsc, tscinvbit, tscinv, bmi1, bmi2, adx, sha, fma

Memory: 4k page, system-wide physical 7106M (642M free)
TotalPageFile size 15395M (AvailPageFile size 0M)
current process WorkingSet (physical memory assigned to process): 428M, peak: 483M
current process commit charge ("private bytes"): 549M, peak: 593M

vm_info: OpenJDK 64-Bit Server VM (11.0.12+7-b1504.28-7817840) for windows-amd64 JRE (11.0.12+7-b1504.28-7817840), built on Oct 13 2021 22:12:33 by "builder" with MS VC++ 14.0 (VS2015)

END.
